This is pdfTeX, Version 3.14159265-2.6-1.40.16 (TeX Live 2015) (preloaded format=latex 2015.7.29)  27 JUN 2017 09:12
entering extended mode
 restricted \write18 enabled.
 %&-line parsing enabled.
**mainfile.tex
(./mainfile.tex
LaTeX2e <2015/01/01>
Babel <3.9l> and hyphenation patterns for 79 languages loaded.
(/usr/local/texlive/2015/texmf-dist/tex/latex/base/book.cls
Document Class: book 2014/09/29 v1.4h Standard LaTeX document class
(/usr/local/texlive/2015/texmf-dist/tex/latex/base/bk11.clo
File: bk11.clo 2014/09/29 v1.4h Standard LaTeX file (size option)
)
\c@part=\count79
\c@chapter=\count80
\c@section=\count81
\c@subsection=\count82
\c@subsubsection=\count83
\c@paragraph=\count84
\c@subparagraph=\count85
\c@figure=\count86
\c@table=\count87
\abovecaptionskip=\skip41
\belowcaptionskip=\skip42
\bibindent=\dimen102
)
(/usr/local/texlive/2015/texmf-dist/tex/latex/graphics/graphicx.sty
Package: graphicx 2014/10/28 v1.0g Enhanced LaTeX Graphics (DPC,SPQR)

(/usr/local/texlive/2015/texmf-dist/tex/latex/graphics/keyval.sty
Package: keyval 2014/10/28 v1.15 key=value parser (DPC)
\KV@toks@=\toks14
)
(/usr/local/texlive/2015/texmf-dist/tex/latex/graphics/graphics.sty
Package: graphics 2014/10/28 v1.0p Standard LaTeX Graphics (DPC,SPQR)

(/usr/local/texlive/2015/texmf-dist/tex/latex/graphics/trig.sty
Package: trig 1999/03/16 v1.09 sin cos tan (DPC)
)
(/usr/local/texlive/2015/texmf-dist/tex/latex/latexconfig/graphics.cfg
File: graphics.cfg 2010/04/23 v1.9 graphics configuration of TeX Live
)
Package graphics Info: Driver file: dvips.def on input line 94.

(/usr/local/texlive/2015/texmf-dist/tex/latex/graphics/dvips.def
File: dvips.def 2014/10/14 v3.0j Driver-dependent file (DPC,SPQR)
))
\Gin@req@height=\dimen103
\Gin@req@width=\dimen104
)
(/usr/local/texlive/2015/texmf-dist/tex/latex/fancyhdr/fancyhdr.sty
\fancy@headwidth=\skip43
\f@ncyO@elh=\skip44
\f@ncyO@erh=\skip45
\f@ncyO@olh=\skip46
\f@ncyO@orh=\skip47
\f@ncyO@elf=\skip48
\f@ncyO@erf=\skip49
\f@ncyO@olf=\skip50
\f@ncyO@orf=\skip51
)
(/usr/local/texlive/2015/texmf-dist/tex/latex/l3packages/xfrac/xfrac.sty
(/usr/local/texlive/2015/texmf-dist/tex/latex/amsmath/amstext.sty
Package: amstext 2000/06/29 v2.01

(/usr/local/texlive/2015/texmf-dist/tex/latex/amsmath/amsgen.sty
File: amsgen.sty 1999/11/30 v2.0
\@emptytoks=\toks15
\ex@=\dimen105
))
(/usr/local/texlive/2015/texmf-dist/tex/latex/l3packages/l3keys2e/l3keys2e.sty
(/usr/local/texlive/2015/texmf-dist/tex/latex/l3kernel/expl3.sty
Package: expl3 2015/03/01 v5547 L3 programming layer (loader) 

(/usr/local/texlive/2015/texmf-dist/tex/latex/l3kernel/expl3-code.tex
Package: expl3 2015/03/01 v5547 L3 programming layer (code) 
L3 Module: l3bootstrap 2015/02/28 v5542 L3 Bootstrap code
L3 Module: l3names 2015/02/24 v5535 L3 Namespace for primitives
L3 Module: l3basics 2015/01/27 v5500 L3 Basic definitions
L3 Module: l3expan 2014/11/27 v5472 L3 Argument expansion
L3 Module: l3tl 2015/01/27 v5500 L3 Token lists
L3 Module: l3str 2015/03/01 v5545 L3 Strings
L3 Module: l3seq 2014/08/23 v5354 L3 Sequences and stacks
L3 Module: l3int 2015/02/21 v5529 L3 Integers
\c_max_int=\count88
\l_tmpa_int=\count89
\l_tmpb_int=\count90
\g_tmpa_int=\count91
\g_tmpb_int=\count92
L3 Module: l3quark 2014/08/23 v5354 L3 Quarks
L3 Module: l3prg 2014/08/23 v5354 L3 Control structures
\g__prg_map_int=\count93
L3 Module: l3clist 2014/08/23 v5354 L3 Comma separated lists
L3 Module: l3token 2014/09/15 v5422 L3 Experimental token manipulation
L3 Module: l3prop 2014/08/23 v5354 L3 Property lists
L3 Module: l3msg 2015/02/26 v5537 L3 Messages
L3 Module: l3file 2014/08/24 v5369 L3 File and I/O operations
\l_iow_line_count_int=\count94
\l__iow_target_count_int=\count95
\l__iow_current_line_int=\count96
\l__iow_current_word_int=\count97
\l__iow_current_indentation_int=\count98
L3 Module: l3skip 2014/08/23 v5354 L3 Dimensions and skips
\c_zero_dim=\dimen106
\c_max_dim=\dimen107
\l_tmpa_dim=\dimen108
\l_tmpb_dim=\dimen109
\g_tmpa_dim=\dimen110
\g_tmpb_dim=\dimen111
\c_zero_skip=\skip52
\c_max_skip=\skip53
\l_tmpa_skip=\skip54
\l_tmpb_skip=\skip55
\g_tmpa_skip=\skip56
\g_tmpb_skip=\skip57
\c_zero_muskip=\muskip10
\c_max_muskip=\muskip11
\l_tmpa_muskip=\muskip12
\l_tmpb_muskip=\muskip13
\g_tmpa_muskip=\muskip14
\g_tmpb_muskip=\muskip15
L3 Module: l3keys 2015/01/27 v5500 L3 Key-value interfaces
\g__keyval_level_int=\count99
\l_keys_choice_int=\count100
L3 Module: l3fp 2014/08/22 v5336 L3 Floating points
\c__fp_leading_shift_int=\count101
\c__fp_middle_shift_int=\count102
\c__fp_trailing_shift_int=\count103
\c__fp_big_leading_shift_int=\count104
\c__fp_big_middle_shift_int=\count105
\c__fp_big_trailing_shift_int=\count106
\c__fp_Bigg_leading_shift_int=\count107
\c__fp_Bigg_middle_shift_int=\count108
\c__fp_Bigg_trailing_shift_int=\count109
L3 Module: l3box 2014/08/23 v5354 L3 Experimental boxes
\c_empty_box=\box26
\l_tmpa_box=\box27
\l_tmpb_box=\box28
\g_tmpa_box=\box29
\g_tmpb_box=\box30
L3 Module: l3coffins 2014/08/23 v5354 L3 Coffin code layer
\l__coffin_internal_box=\box31
\l__coffin_internal_dim=\dimen112
\l__coffin_offset_x_dim=\dimen113
\l__coffin_offset_y_dim=\dimen114
\l__coffin_x_dim=\dimen115
\l__coffin_y_dim=\dimen116
\l__coffin_x_prime_dim=\dimen117
\l__coffin_y_prime_dim=\dimen118
\c_empty_coffin=\box32
\l__coffin_aligned_coffin=\box33
\l__coffin_aligned_internal_coffin=\box34
\l_tmpa_coffin=\box35
\l_tmpb_coffin=\box36
\l__coffin_display_coffin=\box37
\l__coffin_display_coord_coffin=\box38
\l__coffin_display_pole_coffin=\box39
\l__coffin_display_offset_dim=\dimen119
\l__coffin_display_x_dim=\dimen120
\l__coffin_display_y_dim=\dimen121
L3 Module: l3color 2014/08/23 v5354 L3 Experimental color support
L3 Module: l3candidates 2015/03/01 v5544 L3 Experimental additions to l3kernel
\l__box_top_dim=\dimen122
\l__box_bottom_dim=\dimen123
\l__box_left_dim=\dimen124
\l__box_right_dim=\dimen125
\l__box_top_new_dim=\dimen126
\l__box_bottom_new_dim=\dimen127
\l__box_left_new_dim=\dimen128
\l__box_right_new_dim=\dimen129
\l__box_internal_box=\box40
\l__coffin_bounding_shift_dim=\dimen130
\l__coffin_left_corner_dim=\dimen131
\l__coffin_right_corner_dim=\dimen132
\l__coffin_bottom_corner_dim=\dimen133
\l__coffin_top_corner_dim=\dimen134
\l__coffin_scaled_total_height_dim=\dimen135
\l__coffin_scaled_width_dim=\dimen136
)
(/usr/local/texlive/2015/texmf-dist/tex/latex/l3kernel/l3unicode-data.def
File: l3unicode-data.def 2015/03/01 v5544 L3 Unicode data
)
(/usr/local/texlive/2015/texmf-dist/tex/latex/l3kernel/l3dvips.def
File: l3dvips.def 2015/03/01 v5544 L3 Experimental driver: dvips
))
Package: l3keys2e 2014/11/25 v5471 LaTeX2e option processing using LaTeX3 keys
)
(/usr/local/texlive/2015/texmf-dist/tex/latex/base/textcomp.sty
Package: textcomp 2005/09/27 v1.99g Standard LaTeX package
Package textcomp Info: Sub-encoding information:
(textcomp)               5 = only ISO-Adobe without \textcurrency
(textcomp)               4 = 5 + \texteuro
(textcomp)               3 = 4 + \textohm
(textcomp)               2 = 3 + \textestimated + \textcurrency
(textcomp)               1 = TS1 - \textcircled - \t
(textcomp)               0 = TS1 (full)
(textcomp)             Font families with sub-encoding setting implement
(textcomp)             only a restricted character set as indicated.
(textcomp)             Family '?' is the default used for unknown fonts.
(textcomp)             See the documentation for details.
Package textcomp Info: Setting ? sub-encoding to TS1/1 on input line 79.

(/usr/local/texlive/2015/texmf-dist/tex/latex/base/ts1enc.def
File: ts1enc.def 2001/06/05 v3.0e (jk/car/fm) Standard LaTeX file
)
LaTeX Info: Redefining \oldstylenums on input line 334.
Package textcomp Info: Setting cmr sub-encoding to TS1/0 on input line 349.
Package textcomp Info: Setting cmss sub-encoding to TS1/0 on input line 350.
Package textcomp Info: Setting cmtt sub-encoding to TS1/0 on input line 351.
Package textcomp Info: Setting cmvtt sub-encoding to TS1/0 on input line 352.
Package textcomp Info: Setting cmbr sub-encoding to TS1/0 on input line 353.
Package textcomp Info: Setting cmtl sub-encoding to TS1/0 on input line 354.
Package textcomp Info: Setting ccr sub-encoding to TS1/0 on input line 355.
Package textcomp Info: Setting ptm sub-encoding to TS1/4 on input line 356.
Package textcomp Info: Setting pcr sub-encoding to TS1/4 on input line 357.
Package textcomp Info: Setting phv sub-encoding to TS1/4 on input line 358.
Package textcomp Info: Setting ppl sub-encoding to TS1/3 on input line 359.
Package textcomp Info: Setting pag sub-encoding to TS1/4 on input line 360.
Package textcomp Info: Setting pbk sub-encoding to TS1/4 on input line 361.
Package textcomp Info: Setting pnc sub-encoding to TS1/4 on input line 362.
Package textcomp Info: Setting pzc sub-encoding to TS1/4 on input line 363.
Package textcomp Info: Setting bch sub-encoding to TS1/4 on input line 364.
Package textcomp Info: Setting put sub-encoding to TS1/5 on input line 365.
Package textcomp Info: Setting uag sub-encoding to TS1/5 on input line 366.
Package textcomp Info: Setting ugq sub-encoding to TS1/5 on input line 367.
Package textcomp Info: Setting ul8 sub-encoding to TS1/4 on input line 368.
Package textcomp Info: Setting ul9 sub-encoding to TS1/4 on input line 369.
Package textcomp Info: Setting augie sub-encoding to TS1/5 on input line 370.
Package textcomp Info: Setting dayrom sub-encoding to TS1/3 on input line 371.
Package textcomp Info: Setting dayroms sub-encoding to TS1/3 on input line 372.

Package textcomp Info: Setting pxr sub-encoding to TS1/0 on input line 373.
Package textcomp Info: Setting pxss sub-encoding to TS1/0 on input line 374.
Package textcomp Info: Setting pxtt sub-encoding to TS1/0 on input line 375.
Package textcomp Info: Setting txr sub-encoding to TS1/0 on input line 376.
Package textcomp Info: Setting txss sub-encoding to TS1/0 on input line 377.
Package textcomp Info: Setting txtt sub-encoding to TS1/0 on input line 378.
Package textcomp Info: Setting lmr sub-encoding to TS1/0 on input line 379.
Package textcomp Info: Setting lmdh sub-encoding to TS1/0 on input line 380.
Package textcomp Info: Setting lmss sub-encoding to TS1/0 on input line 381.
Package textcomp Info: Setting lmssq sub-encoding to TS1/0 on input line 382.
Package textcomp Info: Setting lmvtt sub-encoding to TS1/0 on input line 383.
Package textcomp Info: Setting lmtt sub-encoding to TS1/0 on input line 384.
Package textcomp Info: Setting qhv sub-encoding to TS1/0 on input line 385.
Package textcomp Info: Setting qag sub-encoding to TS1/0 on input line 386.
Package textcomp Info: Setting qbk sub-encoding to TS1/0 on input line 387.
Package textcomp Info: Setting qcr sub-encoding to TS1/0 on input line 388.
Package textcomp Info: Setting qcs sub-encoding to TS1/0 on input line 389.
Package textcomp Info: Setting qpl sub-encoding to TS1/0 on input line 390.
Package textcomp Info: Setting qtm sub-encoding to TS1/0 on input line 391.
Package textcomp Info: Setting qzc sub-encoding to TS1/0 on input line 392.
Package textcomp Info: Setting qhvc sub-encoding to TS1/0 on input line 393.
Package textcomp Info: Setting futs sub-encoding to TS1/4 on input line 394.
Package textcomp Info: Setting futx sub-encoding to TS1/4 on input line 395.
Package textcomp Info: Setting futj sub-encoding to TS1/4 on input line 396.
Package textcomp Info: Setting hlh sub-encoding to TS1/3 on input line 397.
Package textcomp Info: Setting hls sub-encoding to TS1/3 on input line 398.
Package textcomp Info: Setting hlst sub-encoding to TS1/3 on input line 399.
Package textcomp Info: Setting hlct sub-encoding to TS1/5 on input line 400.
Package textcomp Info: Setting hlx sub-encoding to TS1/5 on input line 401.
Package textcomp Info: Setting hlce sub-encoding to TS1/5 on input line 402.
Package textcomp Info: Setting hlcn sub-encoding to TS1/5 on input line 403.
Package textcomp Info: Setting hlcw sub-encoding to TS1/5 on input line 404.
Package textcomp Info: Setting hlcf sub-encoding to TS1/5 on input line 405.
Package textcomp Info: Setting pplx sub-encoding to TS1/3 on input line 406.
Package textcomp Info: Setting pplj sub-encoding to TS1/3 on input line 407.
Package textcomp Info: Setting ptmx sub-encoding to TS1/4 on input line 408.
Package textcomp Info: Setting ptmj sub-encoding to TS1/4 on input line 409.
)
(/usr/local/texlive/2015/texmf-dist/tex/latex/l3packages/xparse/xparse.sty
Package: xparse 2014/11/25 v5471 L3 Experimental document command parser
\l__xparse_current_arg_int=\count110
\l__xparse_m_args_int=\count111
\l__xparse_mandatory_args_int=\count112
\l__xparse_processor_int=\count113
\l__xparse_v_nesting_int=\count114
)
(/usr/local/texlive/2015/texmf-dist/tex/latex/l3packages/xtemplate/xtemplate.st
y
Package: xtemplate 2014/11/25 v5471 L3 Experimental prototype document function
s
\l__xtemplate_tmp_dim=\dimen137
\l__xtemplate_tmp_int=\count115
\l__xtemplate_tmp_muskip=\muskip16
\l__xtemplate_tmp_skip=\skip58
Variant \prop_get:NoNTF already defined; not changing it on line 106
Variant \prop_get:NoNT already defined; not changing it on line 107
Variant \prop_get:NoNF already defined; not changing it on line 108
)
Package: xfrac 2014/05/04 v4728 L3 Experimental split-level fractions
\l__xfrac_slash_box=\box41
\l__xfrac_tmp_box=\box42
\l__xfrac_denominator_bot_sep_dim=\dimen138
\l__xfrac_numerator_bot_sep_dim=\dimen139
\l__xfrac_numerator_top_sep_dim=\dimen140
\l__xfrac_slash_left_sep_dim=\dimen141
\l__xfrac_slash_right_sep_dim=\dimen142
\l__xfrac_slash_left_muskip=\muskip17
\l__xfrac_slash_right_muskip=\muskip18
.................................................
. xtemplate info: "declare-object-type"
. 
. Declaring object type 'xfrac' taking 3 argument(s) on line 96.
.................................................
.................................................
. LaTeX info: "xparse/define-command"
. 
. Defining command \sfrac with sig. 'omom' on line 436.
.................................................
) (/usr/local/texlive/2015/texmf-dist/tex/latex/tools/longtable.sty
Package: longtable 2014/10/28 v4.11 Multi-page Table package (DPC)
\LTleft=\skip59
\LTright=\skip60
\LTpre=\skip61
\LTpost=\skip62
\LTchunksize=\count116
\LTcapwidth=\dimen143
\LT@head=\box43
\LT@firsthead=\box44
\LT@foot=\box45
\LT@lastfoot=\box46
\LT@cols=\count117
\LT@rows=\count118
\c@LT@tables=\count119
\c@LT@chunks=\count120
\LT@p@ftn=\toks16
)
(/usr/local/texlive/2015/texmf-dist/tex/latex/tools/array.sty
Package: array 2014/10/28 v2.4c Tabular extension package (FMi)
\col@sep=\dimen144
\extrarowheight=\dimen145
\NC@list=\toks17
\extratabsurround=\skip63
\backup@length=\skip64
)
(/usr/local/texlive/2015/texmf-dist/tex/latex/tools/multicol.sty
Package: multicol 2015/03/31 v1.8m multicolumn formatting (FMi)
\c@tracingmulticols=\count121
\mult@box=\box47
\multicol@leftmargin=\dimen146
\c@unbalance=\count122
\c@collectmore=\count123
\doublecol@number=\count124
\multicoltolerance=\count125
\multicolpretolerance=\count126
\full@width=\dimen147
\page@free=\dimen148
\premulticols=\dimen149
\postmulticols=\dimen150
\multicolsep=\skip65
\multicolbaselineskip=\skip66
\partial@page=\box48
\last@line=\box49
\maxbalancingoverflow=\dimen151
\mult@rightbox=\box50
\mult@grightbox=\box51
\mult@gfirstbox=\box52
\mult@firstbox=\box53
\@tempa=\box54
\@tempa=\box55
\@tempa=\box56
\@tempa=\box57
\@tempa=\box58
\@tempa=\box59
\@tempa=\box60
\@tempa=\box61
\@tempa=\box62
\@tempa=\box63
\@tempa=\box64
\@tempa=\box65
\@tempa=\box66
\@tempa=\box67
\@tempa=\box68
\@tempa=\box69
\@tempa=\box70
\c@columnbadness=\count127
\c@finalcolumnbadness=\count128
\last@try=\dimen152
\multicolovershoot=\dimen153
\multicolundershoot=\dimen154
\mult@nat@firstbox=\box71
\colbreak@box=\box72
\mc@col@check@num=\count129
)
(/usr/local/texlive/2015/texmf-dist/tex/latex/base/makeidx.sty
Package: makeidx 2014/09/29 v1.0m Standard LaTeX package
)
(/usr/local/texlive/2015/texmf-dist/tex/latex/tfrupee/tfrupee.sty
Package: tfrupee 2010/12/15 LaTeX Support for the TechFat Rupee symbols by Tech
Fat (http://techfat.blogspot.com/2010/07/new-open-source-india-rupee-font.html)
. Adapted for use with TeX by Palle Jorgensen, hamselv(a)pallej.dk
)
(/usr/local/texlive/2015/texmf-dist/tex/latex/rotating/rotating.sty
Package: rotating 2009/03/28 v2.16a rotated objects in LaTeX

(/usr/local/texlive/2015/texmf-dist/tex/latex/base/ifthen.sty
Package: ifthen 2014/09/29 v1.1c Standard LaTeX ifthen package (DPC)
)
\c@r@tfl@t=\count130
\rotFPtop=\skip67
\rotFPbot=\skip68
\rot@float@box=\box73
\rot@mess@toks=\toks18
)
(/usr/local/texlive/2015/texmf-dist/tex/latex/url/url.sty
\Urlmuskip=\muskip19
Package: url 2013/09/16  ver 3.4  Verb mode for urls, etc.
)
(/usr/local/texlive/2015/texmf-dist/tex/latex/txfonts/txfonts.sty
Package: txfonts 2008/01/22 v3.2.1
LaTeX Font Info:    Redeclaring symbol font `operators' on input line 21.
LaTeX Font Info:    Overwriting symbol font `operators' in version `normal'
(Font)                  OT1/cmr/m/n --> OT1/txr/m/n on input line 21.
LaTeX Font Info:    Overwriting symbol font `operators' in version `bold'
(Font)                  OT1/cmr/bx/n --> OT1/txr/m/n on input line 21.
LaTeX Font Info:    Overwriting symbol font `operators' in version `bold'
(Font)                  OT1/txr/m/n --> OT1/txr/bx/n on input line 22.
\symitalic=\mathgroup4
LaTeX Font Info:    Overwriting symbol font `italic' in version `bold'
(Font)                  OT1/txr/m/it --> OT1/txr/bx/it on input line 26.
LaTeX Font Info:    Redeclaring math alphabet \mathbf on input line 29.
LaTeX Font Info:    Overwriting math alphabet `\mathbf' in version `normal'
(Font)                  OT1/cmr/bx/n --> OT1/txr/bx/n on input line 29.
LaTeX Font Info:    Overwriting math alphabet `\mathbf' in version `bold'
(Font)                  OT1/cmr/bx/n --> OT1/txr/bx/n on input line 29.
LaTeX Font Info:    Redeclaring math alphabet \mathit on input line 30.
LaTeX Font Info:    Overwriting math alphabet `\mathit' in version `normal'
(Font)                  OT1/cmr/m/it --> OT1/txr/m/it on input line 30.
LaTeX Font Info:    Overwriting math alphabet `\mathit' in version `bold'
(Font)                  OT1/cmr/bx/it --> OT1/txr/m/it on input line 30.
LaTeX Font Info:    Overwriting math alphabet `\mathit' in version `bold'
(Font)                  OT1/txr/m/it --> OT1/txr/bx/it on input line 31.
LaTeX Font Info:    Redeclaring math alphabet \mathsf on input line 40.
LaTeX Font Info:    Overwriting math alphabet `\mathsf' in version `normal'
(Font)                  OT1/cmss/m/n --> OT1/txss/m/n on input line 40.
LaTeX Font Info:    Overwriting math alphabet `\mathsf' in version `bold'
(Font)                  OT1/cmss/bx/n --> OT1/txss/m/n on input line 40.
LaTeX Font Info:    Overwriting math alphabet `\mathsf' in version `bold'
(Font)                  OT1/txss/m/n --> OT1/txss/b/n on input line 41.
LaTeX Font Info:    Redeclaring math alphabet \mathtt on input line 50.
LaTeX Font Info:    Overwriting math alphabet `\mathtt' in version `normal'
(Font)                  OT1/cmtt/m/n --> OT1/txtt/m/n on input line 50.
LaTeX Font Info:    Overwriting math alphabet `\mathtt' in version `bold'
(Font)                  OT1/cmtt/m/n --> OT1/txtt/m/n on input line 50.
LaTeX Font Info:    Overwriting math alphabet `\mathtt' in version `bold'
(Font)                  OT1/txtt/m/n --> OT1/txtt/b/n on input line 51.
LaTeX Font Info:    Redeclaring symbol font `letters' on input line 58.
LaTeX Font Info:    Overwriting symbol font `letters' in version `normal'
(Font)                  OML/cmm/m/it --> OML/txmi/m/it on input line 58.
LaTeX Font Info:    Overwriting symbol font `letters' in version `bold'
(Font)                  OML/cmm/b/it --> OML/txmi/m/it on input line 58.
LaTeX Font Info:    Overwriting symbol font `letters' in version `bold'
(Font)                  OML/txmi/m/it --> OML/txmi/bx/it on input line 59.
\symlettersA=\mathgroup5
LaTeX Font Info:    Overwriting symbol font `lettersA' in version `bold'
(Font)                  U/txmia/m/it --> U/txmia/bx/it on input line 67.
LaTeX Font Info:    Redeclaring symbol font `symbols' on input line 77.
LaTeX Font Info:    Overwriting symbol font `symbols' in version `normal'
(Font)                  OMS/cmsy/m/n --> OMS/txsy/m/n on input line 77.
LaTeX Font Info:    Overwriting symbol font `symbols' in version `bold'
(Font)                  OMS/cmsy/b/n --> OMS/txsy/m/n on input line 77.
LaTeX Font Info:    Overwriting symbol font `symbols' in version `bold'
(Font)                  OMS/txsy/m/n --> OMS/txsy/bx/n on input line 78.
\symAMSa=\mathgroup6
LaTeX Font Info:    Overwriting symbol font `AMSa' in version `bold'
(Font)                  U/txsya/m/n --> U/txsya/bx/n on input line 94.
\symAMSb=\mathgroup7
LaTeX Font Info:    Overwriting symbol font `AMSb' in version `bold'
(Font)                  U/txsyb/m/n --> U/txsyb/bx/n on input line 103.
\symsymbolsC=\mathgroup8
LaTeX Font Info:    Overwriting symbol font `symbolsC' in version `bold'
(Font)                  U/txsyc/m/n --> U/txsyc/bx/n on input line 113.
LaTeX Font Info:    Redeclaring symbol font `largesymbols' on input line 120.
LaTeX Font Info:    Overwriting symbol font `largesymbols' in version `normal'
(Font)                  OMX/cmex/m/n --> OMX/txex/m/n on input line 120.
LaTeX Font Info:    Overwriting symbol font `largesymbols' in version `bold'
(Font)                  OMX/cmex/m/n --> OMX/txex/m/n on input line 120.
LaTeX Font Info:    Overwriting symbol font `largesymbols' in version `bold'
(Font)                  OMX/txex/m/n --> OMX/txex/bx/n on input line 121.
\symlargesymbolsA=\mathgroup9
LaTeX Font Info:    Overwriting symbol font `largesymbolsA' in version `bold'
(Font)                  U/txexa/m/n --> U/txexa/bx/n on input line 129.
LaTeX Info: Redefining \not on input line 1043.
)
(/usr/local/texlive/2015/texmf-dist/tex/latex/brushscr/pbsi.sty
Package: pbsi 2001/09/17 - BrushScriptX-Italic selection command 'textbsi'


Package pbsi Warning: bad encoding; assuming T1..

(/usr/local/texlive/2015/texmf-dist/tex/latex/brushscr/t1pbsi.fd
File: t1pbsi.fd 2001/09/24 Fontinst v1.801 font definitions for T1/pbsi.
))
(/usr/local/texlive/2015/texmf-dist/tex/latex/base/fontenc.sty
Package: fontenc 2005/09/27 v1.99g Standard LaTeX package

(/usr/local/texlive/2015/texmf-dist/tex/latex/base/t1enc.def
File: t1enc.def 2005/09/27 v1.99g Standard LaTeX file
LaTeX Font Info:    Redeclaring font encoding T1 on input line 48.
))
(/usr/local/texlive/2015/texmf-dist/tex/latex/float/float.sty
Package: float 2001/11/08 v1.3d Float enhancements (AL)
\c@float@type=\count131
\float@exts=\toks19
\float@box=\box74
\@float@everytoks=\toks20
\@floatcapt=\box75
)
(/usr/local/texlive/2015/texmf-dist/tex/latex/zwpagelayout/zwpagelayout.sty
Package: zwpagelayout 2013/01/13 ZW Page Layout
Package zwpagelayout Info: $Id: zwpagelayout.sty 453 2013-01-13 17:12:17Z zw $.


(/usr/local/texlive/2015/texmf-dist/tex/generic/oberdiek/ifpdf.sty
Package: ifpdf 2011/01/30 v2.3 Provides the ifpdf switch (HO)
Package ifpdf Info: pdfTeX in PDF mode is not detected.
)
(/usr/local/texlive/2015/texmf-dist/tex/generic/ifxetex/ifxetex.sty
Package: ifxetex 2010/09/12 v0.6 Provides ifxetex conditional
)
(/usr/local/texlive/2015/texmf-dist/tex/latex/oberdiek/kvoptions.sty
Package: kvoptions 2011/06/30 v3.11 Key value format for package options (HO)

(/usr/local/texlive/2015/texmf-dist/tex/generic/oberdiek/ltxcmds.sty
Package: ltxcmds 2011/11/09 v1.22 LaTeX kernel commands for general use (HO)
)
(/usr/local/texlive/2015/texmf-dist/tex/generic/oberdiek/kvsetkeys.sty
Package: kvsetkeys 2012/04/25 v1.16 Key value parser (HO)

(/usr/local/texlive/2015/texmf-dist/tex/generic/oberdiek/infwarerr.sty
Package: infwarerr 2010/04/08 v1.3 Providing info/warning/error messages (HO)
)
(/usr/local/texlive/2015/texmf-dist/tex/generic/oberdiek/etexcmds.sty
Package: etexcmds 2011/02/16 v1.5 Avoid name clashes with e-TeX commands (HO)

(/usr/local/texlive/2015/texmf-dist/tex/generic/oberdiek/ifluatex.sty
Package: ifluatex 2010/03/01 v1.3 Provides the ifluatex switch (HO)
Package ifluatex Info: LuaTeX not detected.
)
Package etexcmds Info: Could not find \expanded.
(etexcmds)             That can mean that you are not using pdfTeX 1.50 or
(etexcmds)             that some package has redefined \expanded.
(etexcmds)             In the latter case, load this package earlier.
)))
\zwpl@Driver=\count132
Package zwpagelayout Info: Driver mode used: dvips.
(zwpagelayout)              on input line 223.
\ZW@baselineskip=\skip69

(/usr/local/texlive/2015/texmf-dist/tex/latex/graphics/color.sty
Package: color 2014/10/28 v1.1a Standard LaTeX Color (DPC)

(/usr/local/texlive/2015/texmf-dist/tex/latex/latexconfig/color.cfg
File: color.cfg 2007/01/18 v1.5 color configuration of teTeX/TeXLive
)
Package color Info: Driver file: dvips.def on input line 142.

(/usr/local/texlive/2015/texmf-dist/tex/latex/graphics/dvipsnam.def
File: dvipsnam.def 2014/10/14 v3.0j Driver-dependent file (DPC,SPQR)
))
\zwpl@low=\dimen155
\zwpl@len=\dimen156
\zwpl@gap=\dimen157
\zwpl@plus=\dimen158
\zwpl@minus=\dimen159
\zwpl@frame=\dimen160
\zwpl@vsize=\dimen161
\zwpl@Hshift=\count133
\zwpl@Vshift=\count134
)
\@indexfile=\write3
\openout3 = `mainfile.idx'.


Writing index file mainfile.idx
(./macros.tex) (./mainfile.aux)
\openout1 = `mainfile.aux'.

LaTeX Font Info:    Checking defaults for OML/txmi/m/it on input line 35.
LaTeX Font Info:    Try loading font information for OML+txmi on input line 35.


(/usr/local/texlive/2015/texmf-dist/tex/latex/txfonts/omltxmi.fd
File: omltxmi.fd 2000/12/15 v3.1
)
LaTeX Font Info:    ... okay on input line 35.
LaTeX Font Info:    Checking defaults for T1/cmr/m/n on input line 35.
LaTeX Font Info:    ... okay on input line 35.
LaTeX Font Info:    Checking defaults for OT1/cmr/m/n on input line 35.
LaTeX Font Info:    ... okay on input line 35.
LaTeX Font Info:    Checking defaults for OMS/txsy/m/n on input line 35.
LaTeX Font Info:    Try loading font information for OMS+txsy on input line 35.


(/usr/local/texlive/2015/texmf-dist/tex/latex/txfonts/omstxsy.fd
File: omstxsy.fd 2000/12/15 v3.1
)
LaTeX Font Info:    ... okay on input line 35.
LaTeX Font Info:    Checking defaults for OMX/txex/m/n on input line 35.
LaTeX Font Info:    Try loading font information for OMX+txex on input line 35.


(/usr/local/texlive/2015/texmf-dist/tex/latex/txfonts/omxtxex.fd
File: omxtxex.fd 2000/12/15 v3.1
)
LaTeX Font Info:    ... okay on input line 35.
LaTeX Font Info:    Checking defaults for U/txexa/m/n on input line 35.
LaTeX Font Info:    Try loading font information for U+txexa on input line 35.

(/usr/local/texlive/2015/texmf-dist/tex/latex/txfonts/utxexa.fd
File: utxexa.fd 2000/12/15 v3.1
)
LaTeX Font Info:    ... okay on input line 35.
LaTeX Font Info:    Checking defaults for TS1/cmr/m/n on input line 35.
LaTeX Font Info:    Try loading font information for TS1+cmr on input line 35.

(/usr/local/texlive/2015/texmf-dist/tex/latex/base/ts1cmr.fd
File: ts1cmr.fd 2014/09/29 v2.5h Standard LaTeX font definitions
)
LaTeX Font Info:    ... okay on input line 35.
LaTeX Font Info:    Try loading font information for T1+txr on input line 35.

(/usr/local/texlive/2015/texmf-dist/tex/latex/txfonts/t1txr.fd
File: t1txr.fd 2000/12/15 v3.1
)
(./src/titlepage.tex
LaTeX Font Info:    Font shape `T1/pbsi/xl/n' will be
(Font)              scaled to size 29.85593pt on input line 7.
 [1


])
LaTeX Font Info:    Try loading font information for T1+txss on input line 44.

(/usr/local/texlive/2015/texmf-dist/tex/latex/txfonts/t1txss.fd
File: t1txss.fd 2000/12/15 v3.1
)
LaTeX Font Info:    Font shape `T1/txss/m/n' will be
(Font)              scaled to size 13.29996pt on input line 44.
LaTeX Font Info:    Font shape `T1/txss/bx/n' will be
(Font)              scaled to size 13.29996pt on input line 44.

(./mainfile.toc)
\tf@toc=\write4
\openout4 = `mainfile.toc'.

 [2

] (./src/birdsofmys.tex
Chapter 1.
LaTeX Font Info:    Font shape `T1/txss/m/n' will be
(Font)              scaled to size 19.70294pt on input line 1.
LaTeX Font Info:    Font shape `T1/txss/bx/n' will be
(Font)              scaled to size 19.70294pt on input line 1.

LaTeX Font Warning: Font shape `T1/txss/sf/n' undefined
(Font)              using `T1/txss/m/n' instead on input line 1.


Underfull \vbox (badness 10000) has occurred while \output is active []

 [1


]
LaTeX Font Info:    Try loading font information for OT1+txr on input line 43.

(/usr/local/texlive/2015/texmf-dist/tex/latex/txfonts/ot1txr.fd
File: ot1txr.fd 2000/12/15 v3.1
)
LaTeX Font Info:    Try loading font information for U+txmia on input line 43.

(/usr/local/texlive/2015/texmf-dist/tex/latex/txfonts/utxmia.fd
File: utxmia.fd 2000/12/15 v3.1
)
LaTeX Font Info:    Try loading font information for U+txsya on input line 43.

(/usr/local/texlive/2015/texmf-dist/tex/latex/txfonts/utxsya.fd
File: utxsya.fd 2000/12/15 v3.1
)
LaTeX Font Info:    Try loading font information for U+txsyb on input line 43.

(/usr/local/texlive/2015/texmf-dist/tex/latex/txfonts/utxsyb.fd
File: utxsyb.fd 2000/12/15 v3.1
)
LaTeX Font Info:    Try loading font information for U+txsyc on input line 43.

(/usr/local/texlive/2015/texmf-dist/tex/latex/txfonts/utxsyc.fd
File: utxsyc.fd 2000/12/15 v3.1
)
Underfull \hbox (badness 1048) in paragraph at lines 43--53
[]\T1/txr/m/n/10.95 Geographically Mysore district (co ordinates 11$[]$.36 13$[
]$.35
 []


Underfull \vbox (badness 10000) has occurred while \output is active []

 [2]
[3]
Chapter 2.
LaTeX Font Info:    Font shape `T1/txss/sf/n' will be
(Font)              scaled to size 13.29996pt on input line 89.
[4

] [5]
Chapter 3.
[6

]
File: eps/map1.eps Graphic file (type eps)
 <eps/map1.eps> [7]
Chapter 5.
[8

] [9]
Underfull \hbox (badness 1082) in paragraph at lines 316--318
[]\T1/txr/m/n/10.95 Behavior : How birds feed and manner of eating.
 []

[10] [11]
Chapter 6.

Underfull \vbox (badness 10000) has occurred while \output is active []

 [12

]
[13] [14] [15] [16]
Chapter 7.

Underfull \vbox (badness 10000) has occurred while \output is active []

 [17

]
Overfull \hbox (5.58449pt too wide) in paragraph at lines 583--602
[]\T1/txr/m/n/10.95 During ev-ery win-ter (be-gin-ning with October-November on
-wards)
 []

[18] [19] [20]
File: figure/Land_birds/01_pariah_kite/pariah-kite.eps Graphic file (type eps)
 <figure/Land_birds/01_pariah_kite/pariah-kite.eps> [21]
File: figure/Land_birds/01_pariah_kite/pariah-kite.eps Graphic file (type eps)

<figure/Land_birds/01_pariah_kite/pariah-kite.eps> [22]
File: figure/Land_birds/01_pariah_kite/pariah-kite.eps Graphic file (type eps)

<figure/Land_birds/01_pariah_kite/pariah-kite.eps> [23]
File: figure/Land_birds/01_pariah_kite/pariah-kite.eps Graphic file (type eps)

<figure/Land_birds/01_pariah_kite/pariah-kite.eps> [24]
File: figure/Land_birds/01_pariah_kite/pariah-kite.eps Graphic file (type eps)

<figure/Land_birds/01_pariah_kite/pariah-kite.eps> [25]
File: figure/Land_birds/01_pariah_kite/pariah-kite.eps Graphic file (type eps)

<figure/Land_birds/01_pariah_kite/pariah-kite.eps> [26]
File: figure/Land_birds/01_pariah_kite/pariah-kite.eps Graphic file (type eps)

<figure/Land_birds/01_pariah_kite/pariah-kite.eps> [27]
File: figure/Land_birds/01_pariah_kite/pariah-kite.eps Graphic file (type eps)

<figure/Land_birds/01_pariah_kite/pariah-kite.eps> [28]
File: figure/Land_birds/01_pariah_kite/pariah-kite.eps Graphic file (type eps)

<figure/Land_birds/01_pariah_kite/pariah-kite.eps> [29]
File: figure/Land_birds/01_pariah_kite/pariah-kite.eps Graphic file (type eps)

<figure/Land_birds/01_pariah_kite/pariah-kite.eps> [30]
File: figure/Land_birds/01_pariah_kite/pariah-kite.eps Graphic file (type eps)

<figure/Land_birds/01_pariah_kite/pariah-kite.eps> [31]
File: figure/Land_birds/01_pariah_kite/pariah-kite.eps Graphic file (type eps)

<figure/Land_birds/01_pariah_kite/pariah-kite.eps> [32]
File: figure/Land_birds/01_pariah_kite/pariah-kite.eps Graphic file (type eps)

<figure/Land_birds/01_pariah_kite/pariah-kite.eps> [33]
File: figure/Land_birds/01_pariah_kite/pariah-kite.eps Graphic file (type eps)

<figure/Land_birds/01_pariah_kite/pariah-kite.eps> [34]
File: figure/Land_birds/01_pariah_kite/pariah-kite.eps Graphic file (type eps)

<figure/Land_birds/01_pariah_kite/pariah-kite.eps> [35]
File: figure/Land_birds/01_pariah_kite/pariah-kite.eps Graphic file (type eps)

<figure/Land_birds/01_pariah_kite/pariah-kite.eps> [36]
File: figure/Land_birds/01_pariah_kite/pariah-kite.eps Graphic file (type eps)

<figure/Land_birds/01_pariah_kite/pariah-kite.eps> [37]
File: figure/Land_birds/01_pariah_kite/pariah-kite.eps Graphic file (type eps)

<figure/Land_birds/01_pariah_kite/pariah-kite.eps> [38]
File: figure/Land_birds/01_pariah_kite/pariah-kite.eps Graphic file (type eps)

<figure/Land_birds/01_pariah_kite/pariah-kite.eps> [39]
File: figure/Land_birds/01_pariah_kite/pariah-kite.eps Graphic file (type eps)

<figure/Land_birds/01_pariah_kite/pariah-kite.eps> [40]
File: figure/Land_birds/01_pariah_kite/pariah-kite.eps Graphic file (type eps)

<figure/Land_birds/01_pariah_kite/pariah-kite.eps> [41]
File: figure/Land_birds/01_pariah_kite/pariah-kite.eps Graphic file (type eps)

<figure/Land_birds/01_pariah_kite/pariah-kite.eps> [42]
File: figure/Land_birds/01_pariah_kite/pariah-kite.eps Graphic file (type eps)

<figure/Land_birds/01_pariah_kite/pariah-kite.eps> [43]
File: figure/Land_birds/01_pariah_kite/pariah-kite.eps Graphic file (type eps)

<figure/Land_birds/01_pariah_kite/pariah-kite.eps> [44]
File: figure/Land_birds/01_pariah_kite/pariah-kite.eps Graphic file (type eps)

<figure/Land_birds/01_pariah_kite/pariah-kite.eps> [45]
File: figure/Land_birds/01_pariah_kite/pariah-kite.eps Graphic file (type eps)

<figure/Land_birds/01_pariah_kite/pariah-kite.eps> [46]
File: figure/Land_birds/01_pariah_kite/pariah-kite.eps Graphic file (type eps)

<figure/Land_birds/01_pariah_kite/pariah-kite.eps> [47]
File: figure/Land_birds/01_pariah_kite/pariah-kite.eps Graphic file (type eps)

<figure/Land_birds/01_pariah_kite/pariah-kite.eps> [48]
File: figure/Land_birds/01_pariah_kite/pariah-kite.eps Graphic file (type eps)

<figure/Land_birds/01_pariah_kite/pariah-kite.eps> [49]
File: figure/Land_birds/01_pariah_kite/pariah-kite.eps Graphic file (type eps)

<figure/Land_birds/01_pariah_kite/pariah-kite.eps> [50]
File: figure/Land_birds/01_pariah_kite/pariah-kite.eps Graphic file (type eps)

<figure/Land_birds/01_pariah_kite/pariah-kite.eps> [51]
File: figure/Land_birds/01_pariah_kite/pariah-kite.eps Graphic file (type eps)

<figure/Land_birds/01_pariah_kite/pariah-kite.eps> [52]
File: figure/Land_birds/01_pariah_kite/pariah-kite.eps Graphic file (type eps)

<figure/Land_birds/01_pariah_kite/pariah-kite.eps> [53]
File: figure/Land_birds/01_pariah_kite/pariah-kite.eps Graphic file (type eps)

<figure/Land_birds/01_pariah_kite/pariah-kite.eps> [54]
File: figure/Land_birds/01_pariah_kite/pariah-kite.eps Graphic file (type eps)

<figure/Land_birds/01_pariah_kite/pariah-kite.eps> [55]
File: figure/Land_birds/01_pariah_kite/pariah-kite.eps Graphic file (type eps)

<figure/Land_birds/01_pariah_kite/pariah-kite.eps> [56]
File: figure/Land_birds/01_pariah_kite/pariah-kite.eps Graphic file (type eps)

<figure/Land_birds/01_pariah_kite/pariah-kite.eps> [57]
File: figure/Land_birds/01_pariah_kite/pariah-kite.eps Graphic file (type eps)

<figure/Land_birds/01_pariah_kite/pariah-kite.eps> [58]
File: figure/Land_birds/01_pariah_kite/pariah-kite.eps Graphic file (type eps)

<figure/Land_birds/01_pariah_kite/pariah-kite.eps> [59]
File: figure/Land_birds/01_pariah_kite/pariah-kite.eps Graphic file (type eps)

<figure/Land_birds/01_pariah_kite/pariah-kite.eps> [60]
File: figure/Land_birds/01_pariah_kite/pariah-kite.eps Graphic file (type eps)

<figure/Land_birds/01_pariah_kite/pariah-kite.eps> [61] [62]
File: figure/Land_birds/01_pariah_kite/pariah-kite.eps Graphic file (type eps)

<figure/Land_birds/01_pariah_kite/pariah-kite.eps> [63]
File: figure/Land_birds/01_pariah_kite/pariah-kite.eps Graphic file (type eps)

<figure/Land_birds/01_pariah_kite/pariah-kite.eps> [64]
File: figure/Land_birds/01_pariah_kite/pariah-kite.eps Graphic file (type eps)

<figure/Land_birds/01_pariah_kite/pariah-kite.eps> [65]
File: figure/Land_birds/01_pariah_kite/pariah-kite.eps Graphic file (type eps)

<figure/Land_birds/01_pariah_kite/pariah-kite.eps> [66]
File: figure/Land_birds/01_pariah_kite/pariah-kite.eps Graphic file (type eps)

<figure/Land_birds/01_pariah_kite/pariah-kite.eps> [67]
File: figure/Land_birds/01_pariah_kite/pariah-kite.eps Graphic file (type eps)

<figure/Land_birds/01_pariah_kite/pariah-kite.eps> [68]
File: figure/Land_birds/01_pariah_kite/pariah-kite.eps Graphic file (type eps)

<figure/Land_birds/01_pariah_kite/pariah-kite.eps> [69]
File: figure/Land_birds/01_pariah_kite/pariah-kite.eps Graphic file (type eps)

<figure/Land_birds/01_pariah_kite/pariah-kite.eps> [70]
File: figure/Land_birds/01_pariah_kite/pariah-kite.eps Graphic file (type eps)

<figure/Land_birds/01_pariah_kite/pariah-kite.eps> [71]
File: figure/Land_birds/01_pariah_kite/pariah-kite.eps Graphic file (type eps)

<figure/Land_birds/01_pariah_kite/pariah-kite.eps> [72]
File: figure/Land_birds/01_pariah_kite/pariah-kite.eps Graphic file (type eps)

<figure/Land_birds/01_pariah_kite/pariah-kite.eps> [73]
File: figure/Land_birds/01_pariah_kite/pariah-kite.eps Graphic file (type eps)

<figure/Land_birds/01_pariah_kite/pariah-kite.eps> [74]
File: figure/Land_birds/01_pariah_kite/pariah-kite.eps Graphic file (type eps)

<figure/Land_birds/01_pariah_kite/pariah-kite.eps> [75]
File: figure/Land_birds/01_pariah_kite/pariah-kite.eps Graphic file (type eps)

<figure/Land_birds/01_pariah_kite/pariah-kite.eps> [76]
File: figure/Land_birds/01_pariah_kite/pariah-kite.eps Graphic file (type eps)

<figure/Land_birds/01_pariah_kite/pariah-kite.eps> [77]
File: figure/Land_birds/01_pariah_kite/pariah-kite.eps Graphic file (type eps)

<figure/Land_birds/01_pariah_kite/pariah-kite.eps> [78]
File: figure/Land_birds/01_pariah_kite/pariah-kite.eps Graphic file (type eps)

<figure/Land_birds/01_pariah_kite/pariah-kite.eps> [79] [80

] [81] [82

] [83]
[84

] [85] [86

] [87] [88

] [89] [90] [91] [92] [93] [94

]) [95] (./mainfile.aux)

LaTeX Font Warning: Some font shapes were not available, defaults substituted.

 ) 
Here is how much of TeX's memory you used:
 9942 strings out of 493090
 185114 string characters out of 6134874
 219784 words of memory out of 5000000
 13294 multiletter control sequences out of 15000+600000
 43416 words of font info for 64 fonts, out of 8000000 for 9000
 1141 hyphenation exceptions out of 8191
 45i,12n,43p,10456b,439s stack positions out of 5000i,500n,10000p,200000b,80000s

Output written on mainfile.dvi (97 pages, 172044 bytes).
