This is pdfTeX, Version 3.14159265-2.6-1.40.18 (TeX Live 2017) (preloaded format=latex 2018.3.20)  6 JAN 2021 13:26
entering extended mode
 restricted \write18 enabled.
 file:line:error style messages enabled.
 %&-line parsing enabled.
**001-chapter001.tex
(./001-chapter001.tex
LaTeX2e <2017-04-15>
Babel <3.10> and hyphenation patterns for 84 language(s) loaded.
./001-chapter001.tex:3: Undefined control sequence.
l.3 \part
         {ಪತ್ರಮಾಲೆ}
? 
./001-chapter001.tex:3: Emergency stop.
l.3 \part
         {ಪತ್ರಮಾಲೆ}
End of file on the terminal!

 
Here is how much of TeX's memory you used:
 5 strings out of 492996
 155 string characters out of 6132715
 54071 words of memory out of 5000000
 3658 multiletter control sequences out of 15000+600000
 3640 words of font info for 14 fonts, out of 8000000 for 9000
 1141 hyphenation exceptions out of 60000
 5i,0n,1p,52b,8s stack positions out of 5000i,500n,10000p,200000b,80000s
No pages of output.
