\BOOKMARK [0][-]{chapter.1}{Nanotechnology\040and\040the\040Future\040of\040Computation,\040Storage\040and\040Perception}{}% 1
\BOOKMARK [1][-]{section.1.1}{Historical\040Perspective\040and\040Current\040Status}{chapter.1}% 2
\BOOKMARK [1][-]{section.1.2}{Future\040Directions}{chapter.1}% 3
\BOOKMARK [0][-]{chapter.2}{Characterization\040of\040Technology-based\040Mediations\040for\040Navigated\040Learning}{}% 4
\BOOKMARK [1][-]{section.2.1}{Introduction\040and\040Motivation}{chapter.2}% 5
\BOOKMARK [1][-]{section.2.2}{MOOC,\040ITS,\040AEHS\040and\040CSCL}{chapter.2}% 6
\BOOKMARK [1][-]{section.2.3}{TML,\040Distributed\040Cognition,\040ZPD\040and\040Social\040Learning}{chapter.2}% 7
\BOOKMARK [1][-]{section.2.4}{Navigated\040Learning}{chapter.2}% 8
\BOOKMARK [2][-]{subsection.2.4.1}{Pedagogic\040Model\040for\040Navigated\040Learning}{section.2.4}% 9
\BOOKMARK [2][-]{subsection.2.4.2}{Principles\040of\040Navigated\040Learning}{section.2.4}% 10
\BOOKMARK [1][-]{section.2.5}{Characterization\040of\040Technology-Based\040Mediation\040for\040Navigated\040Learning}{chapter.2}% 11
\BOOKMARK [2][-]{subsection.2.5.1}{Fully\040Automated\040Mediations}{section.2.5}% 12
\BOOKMARK [2][-]{subsection.2.5.2}{Semi-automatic\040Peer-drivenMediations}{section.2.5}% 13
\BOOKMARK [1][-]{section.2.6}{Discussion}{chapter.2}% 14
\BOOKMARK [1][-]{section.2.7}{Summary\040and\040Conclusion}{chapter.2}% 15
\BOOKMARK [0][-]{chapter.3}{Experiential\040Learning\040of\040Networking\040Technologies:\040Understanding\040TCP\040Flow\040Control}{}% 16
\BOOKMARK [1][-]{section.3.1}{Introduction}{chapter.3}% 17
\BOOKMARK [1][-]{section.3.2}{TCP\040Headers\040for\040Flow\040Control}{chapter.3}% 18
\BOOKMARK [1][-]{section.3.3}{Basics\040of\040TCP\040Flow\040Control}{chapter.3}% 19
\BOOKMARK [1][-]{section.3.4}{Zero\040Window\040Probe}{chapter.3}% 20
\BOOKMARK [1][-]{section.3.5}{Summary}{chapter.3}% 21
\BOOKMARK [1][-]{section.3.6}{Experiential\040Exercises}{chapter.3}% 22
\BOOKMARK [1][-]{section.3.7}{Exercise}{chapter.3}% 23
\BOOKMARK [1][-]{section.3.8}{Exercise}{chapter.3}% 24
\BOOKMARK [1][-]{section.3.9}{Exercise}{chapter.3}% 25
\BOOKMARK [0][-]{chapter.4}{A\040Review\040on\0403GPP\0405G\040Security\040Aspects}{}% 26
\BOOKMARK [1][-]{section.4.1}{Introduction}{chapter.4}% 27
\BOOKMARK [1][-]{section.4.2}{Home\040Control\040Enhancements}{chapter.4}% 28
\BOOKMARK [1][-]{section.4.3}{Unified\040Authentication\040Framework}{chapter.4}% 29
\BOOKMARK [1][-]{section.4.4}{User\040Privacy}{chapter.4}% 30
\BOOKMARK [1][-]{section.4.5}{Network\040Security}{chapter.4}% 31
\BOOKMARK [1][-]{section.4.6}{Upcoming\040Security\040Aspects\(5G\040Phase-2\)}{chapter.4}% 32
\BOOKMARK [1][-]{section.4.7}{Conclusion}{chapter.4}% 33
