This is pdfTeX, Version 3.14159265-2.6-1.40.15 (TeX Live 2014) (preloaded format=latex 2017.6.5)  26 JUN 2017 16:53
entering extended mode
 restricted \write18 enabled.
 %&-line parsing enabled.
**mainfile.tex
(./mainfile.tex
LaTeX2e <2014/05/01>
Babel <3.9k> and hyphenation patterns for 78 languages loaded.
(/usr/local/texlive/2014/texmf-dist/tex/latex/base/book.cls
Document Class: book 2007/10/19 v1.4h Standard LaTeX document class
(/usr/local/texlive/2014/texmf-dist/tex/latex/base/bk11.clo
File: bk11.clo 2007/10/19 v1.4h Standard LaTeX file (size option)
)
\c@part=\count79
\c@chapter=\count80
\c@section=\count81
\c@subsection=\count82
\c@subsubsection=\count83
\c@paragraph=\count84
\c@subparagraph=\count85
\c@figure=\count86
\c@table=\count87
\abovecaptionskip=\skip41
\belowcaptionskip=\skip42
\bibindent=\dimen102
)
(/usr/local/texlive/2014/texmf-dist/tex/latex/nudi/nudi.sty
Package: nudi 
)
(/usr/local/texlive/2014/texmf-dist/tex/latex/graphics/graphicx.sty
Package: graphicx 2014/04/25 v1.0g Enhanced LaTeX Graphics (DPC,SPQR)

(/usr/local/texlive/2014/texmf-dist/tex/latex/graphics/keyval.sty
Package: keyval 2014/05/08 v1.15 key=value parser (DPC)
\KV@toks@=\toks14
)
(/usr/local/texlive/2014/texmf-dist/tex/latex/graphics/graphics.sty
Package: graphics 2009/02/05 v1.0o Standard LaTeX Graphics (DPC,SPQR)

(/usr/local/texlive/2014/texmf-dist/tex/latex/graphics/trig.sty
Package: trig 1999/03/16 v1.09 sin cos tan (DPC)
)
(/usr/local/texlive/2014/texmf-dist/tex/latex/latexconfig/graphics.cfg
File: graphics.cfg 2010/04/23 v1.9 graphics configuration of TeX Live
)
Package graphics Info: Driver file: dvips.def on input line 91.

(/usr/local/texlive/2014/texmf-dist/tex/latex/graphics/dvips.def
File: dvips.def 2014/04/23 v3.0j Driver-dependant file (DPC,SPQR)
))
\Gin@req@height=\dimen103
\Gin@req@width=\dimen104
)
(./mainfile.aux)
\openout1 = `mainfile.aux'.

LaTeX Font Info:    Checking defaults for OML/cmm/m/it on input line 9.
LaTeX Font Info:    ... okay on input line 9.
LaTeX Font Info:    Checking defaults for T1/cmr/m/n on input line 9.
LaTeX Font Info:    ... okay on input line 9.
LaTeX Font Info:    Checking defaults for OT1/cmr/m/n on input line 9.
LaTeX Font Info:    ... okay on input line 9.
LaTeX Font Info:    Checking defaults for OMS/cmsy/m/n on input line 9.
LaTeX Font Info:    ... okay on input line 9.
LaTeX Font Info:    Checking defaults for OMX/cmex/m/n on input line 9.
LaTeX Font Info:    ... okay on input line 9.
LaTeX Font Info:    Checking defaults for U/cmr/m/n on input line 9.
LaTeX Font Info:    ... okay on input line 9.
LaTeX Font Info:    Try loading font information for OT1+ndi on input line 9.
 (/usr/local/texlive/2014/texmf-dist/tex/latex/nudi/ot1ndi.fd
File: ot1ndi.fd 
)
(./mainfile.toc)
\tf@toc=\write3
\openout3 = `mainfile.toc'.

 [1



] [2

] (./src/chapter4.tex
adhAyxya 4.

Overfull \hbox (6.653pt too wide) in paragraph at lines 31--32
\OT1/ndi/m/n/10.95 jiV‘vana vaqkaSxda joteyalelxV jAc‘nxna vaqkaSx‘va‘nUnx be‘L
esabeVk‘Agide. oMdu biV‘ja‘va‘nunx keSxV‘tarx‘dalilx ne‘TuTx pAlaney‘
 []


Overfull \hbox (4.47472pt too wide) in paragraph at lines 31--32
\OT1/ndi/m/n/10.95 oMdige ada‘nunx be‘Le‘sikoMDu ho‘r‘aTAga, aMkura modalu‘goMD
u cig‘uru, koMbe-reM‘be‘gaLu, hUvu,
 []

[1

]
Overfull \hbox (4.9231pt too wide) in paragraph at lines 33--34
\OT1/ndi/m/n/10.95 rU‘pavAda shAKoV‘pashAKega‘Lo‘Dane soM‘pAgi be‘LeyabeVkAda j
iV‘vanav‘Agide. idar‘alUlx vAknUmxlavAgi
 []


Overfull \hbox (10.05107pt too wide) in paragraph at lines 33--34
\OT1/ndi/m/n/10.95 ho‘raDuva mAteM‘budu, adara mUla‘va‘nenxV mu‘TaTxdeV ho‘raDu
‘vu‘dAdare adar‘alilx sa‘tavxviru‘vudi‘lalxdAgutetx.
 []

[2]
Overfull \hbox (1.3322pt too wide) in paragraph at lines 49--50
\OT1/ndi/m/n/10.95 mUlavAda ama‘raBAvadiMda baru‘titxru‘vudAgi noVDi‘pApx. vayx
k‘itxyu eM‘dAdaromemx mareyAgabahu‘
 []


Overfull \hbox (14.08815pt too wide) in paragraph at lines 61--62
\OT1/ndi/m/n/10.95 saveR‘mAD‘abeVkAda garxMtha‘gaLa daqSiTxy‘iMda noV‘DidAga eS
‘oTxV tiM‘gaLu‘gaLa kAla beVk‘Agutatxde. I vicAradalilx
 []


Overfull \hbox (14.54665pt too wide) in paragraph at lines 61--62
\OT1/ndi/m/n/10.95 oMdu sAmAnayx‘vAda aiDiyA AdarU bevku. yAvudeV daqSiTxya‘nUn
x harisade keV‘vala shabadx‘pArAyaNav‘
 []

[3]
Overfull \hbox (10.515pt too wide) in paragraph at lines 72--73
\OT1/ndi/m/n/10.95 vudi‘lalx. yAvu‘dariMda para‘mAtamxna lABav‘AgutotxV aM‘taha
 veV‘davu tAneV veV‘dav‘e‘nanxlapx‘Du‘tatxde.) loVkavayx‘
 []

[4]
Overfull \hbox (2.74182pt too wide) in paragraph at lines 101--102
\OT1/ndi/m/n/10.95 Asithx‘tiyu oLabAg‘i‘la‘nunx teredu teVjoV‘mayavAda aM‘taH p
arx‘paM‘ca‘va‘nunx dashaR‘na‘mADis‘u‘vu‘doV-aM‘
 []


Overfull \hbox (10.76271pt too wide) in paragraph at lines 122--123
[]\OT1/ndi/m/n/10.95 (yAru tapa‘susx matutx jAc‘nx‘na‘gaLa bal‘adiMda ra‘joV‘gu
Na matutx ta‘moV‘gu‘Na‘gaL‘iMda biDugaDe hoMdiru‘
 []

[5]
Overfull \hbox (13.5181pt too wide) in paragraph at lines 128--129
\OT1/ndi/m/n/10.95 dukoLoLxVNa. A ko‘taTx‘vanu sAla‘paDe‘fa‘van‘iMda patarx‘va‘
nunx barey‘isikoLuLx‘tAtxne athavA oMdu DeYriyalolxV,
 []


Overfull \hbox (12.24364pt too wide) in paragraph at lines 128--129
\OT1/ndi/m/n/10.95 samayadalilx ko‘TaTx‘vanA‘galiV, paDe‘da‘vanA‘galiV, moVsako
kxLa‘gA‘gadeV irabeVkAdare aMdu naDeda GaTaneya‘
 []

[6] [7]
Overfull \hbox (0.90302pt too wide) in paragraph at lines 156--157
\OT1/ndi/m/n/10.95 hoV‘gu‘vaMthavarAgid‘edxVve. na‘mamx paraM‘pareyalilx shiSay
xnob‘a‘bxnu gu‘ruku‘ladalilx sAM‘goV‘pAM‘gavAda ad‘
 []


Overfull \hbox (1.67189pt too wide) in paragraph at lines 156--157
\OT1/ndi/m/n/10.95 QuSi‘gaLa ku‘lagoV‘tarx‘gaLa‘nunx heV‘Lu‘tAtx baru‘titxd‘edx
Vve. ida‘nunx hevLidudx na‘mamxli‘ilx vaMsha‘paraM‘pareyaMteyeV
 []


Overfull \hbox (8.23877pt too wide) in paragraph at lines 160--161
\OT1/ndi/m/n/10.95 BAva‘va‘nunx paDe‘di‘dadxre anukUlavA‘giru‘vudu. ilalx‘di‘da
dxre yAMtirxkav‘Agi A mAtu‘gaLa‘nunx baL‘asi‘daMtAgu‘
 []


Overfull \hbox (1.20874pt too wide) in paragraph at lines 168--169
[]\OT1/ndi/m/n/10.95 Adare nis‘agaR‘si‘dad‘hx‘vAda aM‘taha kaM‘Di‘Vshanf do‘rak
ade keV‘vala anukaraNAtamxkav‘Agi ho‘r‘aTukoMDAga
 []

[8]
Overfull \hbox (0.96156pt too wide) in paragraph at lines 172--173
[]\OT1/ndi/m/n/10.95 ililx nAvu yAva parxshenxgeV AgaliV utatxra ko‘Dalu ho‘r‘a
TAga adar‘alilx pArx‘mANikateyU, AtamxsAk‘
 []


Overfull \hbox (10.58275pt too wide) in paragraph at lines 172--173
\OT1/ndi/m/n/10.95 totxbabxra‘nUnx moVsagoLisade kArayxkekx ho‘r‘aTAga mAtarx t
ananx pAlige baMda savxkArayxvU, atatx kaDe sAvxmikArayxvU
 []

Missing character: There is no W in font ndir7t!

Overfull \hbox (6.38135pt too wide) in paragraph at lines 180--181
\OT1/ndi/m/n/10.95 nAvu adara PalavAda Bwtika‘jiV‘vanada kaDege mAtarxveV daqSi
TxbiVrade, Bwtika‘jiV‘vanekeke mUlavAda aBtika‘
 []


Overfull \hbox (28.17813pt too wide) in paragraph at lines 180--181
\OT1/ndi/m/n/10.95 sAd‘hayxvi‘lAlx‘papx' eMdu utatxrisu‘tAtx‘nalalxveV? adaraMt
e I keSxV‘tarx‘jac‘nx‘nA‘da‘vanu (de‘VhiyA‘da‘vanu) tananx badukAdaMtaha
 []

[9] [10] [11]
Overfull \hbox (2.07474pt too wide) in paragraph at lines 273--274
\OT1/ndi/m/n/10.95 kataR‘vayx‘va‘nunx ni‘vaRhis‘abeVk‘A‘giru‘vudu eM‘bu‘da‘nunx
 sapxSaTx‘pa‘Di‘side. parx‘Nava, joyxVti, nAda ive‘lalxkUkx paras‘
 []


Underfull \hbox (badness 10000) in paragraph at lines 294--297

 []

[12]
Overfull \hbox (18.3746pt too wide) in paragraph at lines 330--331
[]\OT1/ndi/m/n/10.95 (parxshenx : veV‘dAraM‘badalilx parx‘NavoV‘cAcxraNeya moda
lu `hariH' eMba shabadx‘va‘nunx kelavaru udAtatxsavxradalUlx,
 []

[13] [14] [15]
Overfull \hbox (32.60294pt too wide) in paragraph at lines 465--468
[]\OT1/ndi/m/n/10.95 tirxVNi maM‘darxM mad‘hayx‘ma‘mu‘tatx‘maM ca sAthx‘nAnAyx‘
huH sap‘atxya‘mAni vAcaH | anaM‘tarashAcx³‘tarx yamoV³(³vishiSaTxH)
 []

[16] [17] [18]
Overfull \hbox (15.62468pt too wide) in paragraph at lines 572--573
[]\OT1/ndi/m/n/10.95 (shirxVguruvu I parx‘mANa vAkayx‘gaLa‘nunx gu‘rutu hAk‘isi
, naM‘tara parxy‘oV‘gAtamxkavAda aMsha‘gaLanonxLagoMDa
 []


Overfull \hbox (7.82785pt too wide) in paragraph at lines 580--581
[]\OT1/ndi/m/n/10.95 ililx taMtirx modal‘A‘davu‘gaL‘iMda uM‘TAdudx mAtarxveV nA
‘dav‘e‘nanxlAgu‘vudi‘lalx. A nAdakUkx mUlavAda
 []

[19] [20]
Overfull \hbox (3.3012pt too wide) in paragraph at lines 640--641
[]\OT1/ndi/m/n/10.95 parxkaqta I riVti shabadx barx‘hamxda mU‘lakav‘AgiyeV para
barx‘hamx‘dalilxge nAvu sAgabeVk‘Agide. nAda mUlavAda
 []

File: om.eps Graphic file (type eps)
<om.eps>
Overfull \hbox (9.1418pt too wide) in paragraph at lines 646--647
\OT1/ndi/m/n/10.95 gaLive eMdU, avu yAvuvu? eM‘dare- `akArashAcx‘puyxkArashacx‘
makAroV biM‘dunAdakw |' eM‘budAgiyU
 []

File: om.eps Graphic file (type eps)
<om.eps> [21] [22]
Overfull \hbox (24.44125pt too wide) in paragraph at lines 722--723
[]\OT1/ndi/m/n/10.95 `barxhamxnu tananx para‘mad‘hAmadalilx samAhi‘tAtamx‘nAgi‘
dAdx‘ga- dhAyx‘nArUD‘hanAgi‘dAdxga, avana haq‘dayAkAshadiMda
 []


Overfull \hbox (15.5213pt too wide) in paragraph at lines 722--723
\OT1/ndi/m/n/10.95 hagoLisidAga mAtarx, I haq‘dayAkAshada nA‘davu kevLibaru‘vud
u. yoVgi‘gaL‘A‘davaru darx‘vayx-kirxyA-kArak‘
 []


Overfull \hbox (4.67459pt too wide) in paragraph at lines 722--723
\OT1/ndi/m/n/10.95 dUdx, avayxkatx‘parxBavavU- (yoVgi‘gaLalalx‘davarige aveV‘da
yxvU savxyaM‘parxkAshavU) Agiruva savxrATATxda OMkAr‘
 []

[23]
Missing character: There is no F in font ndir7t!
 [24]
Overfull \hbox (6.11691pt too wide) in paragraph at lines 761--762
\OT1/ndi/m/n/10.95 DhakAkx‘nAda mA‘Di‘daneMdu heVLide. alilxMda muMde huTiTx‘du
dx `aiuNf' itAyxdi shiv‘a‘sU‘tarx‘jAlavAyiteMdu
 []

[25]
Overfull \hbox (4.08556pt too wide) in paragraph at lines 776--777
[]\OT1/ndi/m/n/10.95 idaralilx nAdada mU‘la‘BU‘tAthaR‘ni‘vaR‘canado‘Dane lakaSx
Na koTiTx‘dAdxre. (idara vi‘varaNe‘gAgi naTarA‘
 []


Overfull \hbox (12.36087pt too wide) in paragraph at lines 780--781
\OT1/ndi/m/n/10.95 dhavxniya saraNiyalilx cAM‘calayxvi‘tutx. mAtArxkAla‘gaLu kU
Di baru‘titxralilalx. er‘aDaneyadar‘alilx mAtArxkAlado‘
 []

[26]
Overfull \hbox (1.3024pt too wide) in paragraph at lines 807--808
[]\OT1/ndi/m/n/10.95 (nAdada parxsAtxva baM‘di‘dadxriMda shurx‘tiya vicAr‘a‘va‘
nUnx mAD‘abeVk‘Agide.) shurx‘tiya lakaSx‘Na‘va‘nunx heVLu‘
 []


Overfull \hbox (8.91489pt too wide) in paragraph at lines 807--808
\OT1/ndi/m/n/10.95 muM‘dakekx savxrAv‘iBAR‘vav‘AgabeVk‘A‘gruva kAraNa ililxyeV 
shurx‘tiya ke‘lasaviru‘vudu) I nA‘davu savxrAkaSxrAdi
 []

[27]
Overfull \hbox (6.06804pt too wide) in paragraph at lines 819--820
\OT1/ndi/m/n/10.95 caCxBASeyeV. EkeM‘dare BASeya hiM‘di‘dadx BAva melxV‘caCxBAv
a. gArx‘mayxBAva‘va‘nunx hiM‘dukaDeyalilx‘TuTxkoMDu
 []


Overfull \hbox (6.10594pt too wide) in paragraph at lines 819--820
\OT1/ndi/m/n/10.95 vAkayxda oMdu BAga‘va‘nunx baL‘asikoMDu `vayaMdeV‘vasayx' Ay
iteV? eMdu keVL‘idAga adakekxVnu athaRveM‘
 []


Overfull \hbox (10.79102pt too wide) in paragraph at lines 823--824
\OT1/ndi/m/n/10.95 dalubadalu mADalAgu‘vudi‘lalx. pArx‘NAnalasaMy‘oV‘ga‘va‘nunx
 EpaR‘DisikoMDu nA‘datanu‘vAgi be‘Lagutitxruva
 []

[28]
Overfull \hbox (7.96391pt too wide) in paragraph at lines 829--830
\OT1/ndi/m/n/10.95 give? EkeM‘dare- biV‘jadiMda gi‘Dada kelavu aMsha‘gaLu huTiT
xkoLuLx‘tatxveyalAlx! naM‘tara nAdadiMda horabaMda
 []


Overfull \hbox (0.5083pt too wide) in paragraph at lines 835--836
[]\OT1/ndi/m/n/10.95 ideV shAsatxrX paMk‘itx‘gaLa‘nenxlAlx koTeVSan‘f‘gAgi tege
‘dukoLuLx‘vavare‘lAlx, I riVtiyeV avu‘gaLa‘nunx poVNisi
 []


Overfull \hbox (11.58842pt too wide) in paragraph at lines 835--836
\OT1/ndi/m/n/10.95 mavU Bi‘nanxBi‘nanx‘vA‘girutetx. hatAtxru bageya maNi‘gaLa‘n
unx hatAtxru bageya ja‘narige ko‘TaTxre ada‘nunx poVNisuva
 []


Overfull \hbox (0.5023pt too wide) in paragraph at lines 835--836
\OT1/ndi/m/n/10.95 gata' itAyxdi pada‘gaLa‘nunx tayArisi hol‘i‘dare, adeV jA‘ga
dalilx vide‘Vshi‘yaru \OT1/cmr/m/n/10.95 `WEL-COME' \OT1/ndi/m/n/10.95 `velfkaM
'
 []


Overfull \hbox (4.75868pt too wide) in paragraph at lines 839--840
[]\OT1/ndi/m/n/10.95 (neYsagiRka sa‘ha‘jateyeV beVre, au‘pAd‘hika sa‘ha‘jateyeV
 beVre. sa‘haja eMdu heVL‘ida mAtarxkekx sariyAgide
 []

[29]
Overfull \hbox (5.68887pt too wide) in paragraph at lines 849--850
[]\OT1/ndi/m/n/10.95 idaralilx sUthxla- sUkaSxmXveM‘budAgi eraDu viBA‘gavuM‘Ta‘
papx. sUthxladalilx biMdu keVLisutetx. A daqSiTxy‘
 []

File: om.eps Graphic file (type eps)
<om.eps>
Overfull \hbox (1.29953pt too wide) in paragraph at lines 862--863
[]\OT1/ndi/m/n/10.95 yAvudeV oMdu pa‘davU huTuTxveDeyalilx pUNARthaRvu‘LaLxdAgi
‘dadxrU, muMde be‘Leyu‘tAtx baruva
 []


Overfull \hbox (7.20102pt too wide) in paragraph at lines 862--863
\OT1/ndi/m/n/10.95 javAdarU, adu be‘Leyuva eDe‘gaLalilx aM‘dare shAKegaLalAlx‘g
aliV, ele hU‘vu‘gaLalAlx‘galiV pUNaRteyiru‘
 []


Overfull \hbox (4.77498pt too wide) in paragraph at lines 866--867
[]\OT1/ndi/m/n/10.95 elilx mw‘lika sithx‘tiy‘iMda mA‘paRTuTx vikAs‘a‘sithx‘tige
 baru‘vu‘doV alilxMda ho‘r‘aTa shabadxkekx vikAsAvasethxya
 []

[30]
Overfull \hbox (2.51155pt too wide) in paragraph at lines 874--875
\OT1/ndi/m/n/10.95 shevxV‘tAshavx‘taroV‘paniSat‘utx parx‘mANavalalx. matetx kel
avarige pari‘vArx‘jakoV‘paniSat‘utx parx‘mAnavalalx. I riVtiyAg‘
 []


Overfull \hbox (1.20155pt too wide) in paragraph at lines 878--879
\OT1/ndi/m/n/10.95 Adare alilx `bAg‘i‘la‘nunx tege' eMba BA‘vAthaR‘va‘nunx garx
‘his‘abeVku. shabAdx‘thaRdalelxV niMtare sAladu. hAgeyeV
 []


Overfull \hbox (2.27563pt too wide) in paragraph at lines 878--879
\OT1/ndi/m/n/10.95 vanu ivana BA‘vAthaRdalilx seVrikoLuLx‘tAtxne. hAge BA‘vAtha
Rvi‘lalx‘di‘dadxre eS‘oTxV vayx‘va‘hAra‘gaLu apUNaR‘
 []


Overfull \hbox (2.38693pt too wide) in paragraph at lines 884--885
\OT1/ndi/m/n/10.95 nunx kaci‘cx‘dariM‘dAda KArada parx‘tikirxyeyeMdU, kudure‘gA
Diya‘vanu gADi ODis‘u‘vAga heVLuva shabadxveMdu
 []


Overfull \hbox (6.38275pt too wide) in paragraph at lines 884--885
\OT1/ndi/m/n/10.95 vAyxKAyxna ko‘Dalu ho‘r‘aTare, mU‘lataH adu huTiTxkoMDa pa‘d
aveV BarxMshav‘Agi pad‘aBarxSaTx‘vAgutetx. bareyalu
 []

[31]
Overfull \hbox (5.92735pt too wide) in paragraph at lines 890--891
\OT1/ndi/m/n/10.95 va‘sutxvU, tAnu elilx huTuTxvu‘doV A mU‘lada saM‘baMd‘ha‘va‘
nunx kaLe‘duko‘LaLxdeyeV idudxkomDu, adarimda
 []


Overfull \hbox (3.68231pt too wide) in paragraph at lines 894--895
[]\OT1/ndi/m/n/10.95 yAva pa‘davu yAva mU‘lasAthx‘nadiMda huTiTxkoMDi‘totxV ali
lxyavare‘vigU, pada kevL‘i‘da‘vana man‘
 []

[32]
Overfull \hbox (4.59843pt too wide) in paragraph at lines 898--899
[]\OT1/ndi/m/n/10.95 shabadxgaLelAlx AkAshadalelxV huTiTx matetx alelxV liV‘nav
‘AgutatxveyeM‘budu heV‘goV hAgeyeV, elAlx shabadxvU
 []


Overfull \hbox (18.27856pt too wide) in paragraph at lines 902--903
[]\OT1/ndi/m/n/10.95 kaviyenisuvaMthavanu heV‘girabeVkeM‘dare, Atamxvu elilxMda
 ho‘r‘aTi‘toV loVkay‘Aterxge, matetx alilxyavare‘
 []


Overfull \hbox (21.65668pt too wide) in paragraph at lines 902--903
\OT1/ndi/m/n/10.95 vigU A Atamx‘va‘nunx kom‘Doyuyxva tara‘hadalilx kAvayx racan
e mADu‘va‘vanA‘girabeVku. mad‘heyx elUlx eDavabAradu.
 []


Overfull \hbox (8.18135pt too wide) in paragraph at lines 910--911
\OT1/ndi/m/n/10.95 rA‘jana‘par‘avAgi baMda rA‘jadU‘tanigU rAja marAyxdeyuM‘ta‘l
alxveV? adeV rA‘jadU‘ta‘nenisikoMDu baMdu
 []

[33]
Overfull \hbox (7.79251pt too wide) in paragraph at lines 924--925
\OT1/ndi/m/n/10.95 eM‘bu‘da‘nenxV heVLimugisu‘tAtxre. aMteyeV ucAcxraNada bagey
U viSayAnu‘gu‘Nav‘A‘giru‘vudi‘lalx. udA‘
 []

[34]
Overfull \hbox (4.88052pt too wide) in paragraph at lines 932--933
\OT1/ndi/m/n/10.95 dhavxni, BAv‘a‘gaLu ive‘lalx‘va‘nUnx man‘a‘sisxge sariyAgi t
aM‘dukoMDu, adakekx beVkAda rasa ko‘Du‘vaMte ucacxris‘
 []

[35]
Overfull \hbox (14.68585pt too wide) in paragraph at lines 946--947
\OT1/ndi/m/n/10.95 hoV‘y‘itu ja‘nar‘alilx. tithivAra nakaSx‘tarx‘gaLa mAtu baM‘
do‘DaneyeV paM‘cAM‘gav‘i‘lalxde usereV ilalx. AkAshanoVDi
 []

[36]
File: om.eps Graphic file (type eps)
 <om.eps>
Overfull \hbox (6.4113pt too wide) in paragraph at lines 973--974
[]\OT1/ndi/m/n/10.95 yAvudeV pa‘dAthaR‘va‘nunx up‘ay‘oVgisiko‘LaLxbeVkAdare ada
ra mUla savxrU‘pakekx, muM‘d‘ina vikAsakUkx
 []


Overfull \hbox (8.28442pt too wide) in paragraph at lines 977--978
\OT1/ndi/m/n/10.95 baMd‘ha‘p‘aTiTxru‘tatxve. avu va‘NAR‘tamxkaveV? dhavx‘nAyx‘t
amxkaveV? athavA nA‘dAtamxkaveV? avu‘gaLa sAthxna matutx samaya‘
 []

[37]
Overfull \hbox (2.70012pt too wide) in paragraph at lines 981--982
[]\OT1/ndi/m/n/10.95 BagavaMtana saqSiTxyalilx shabadxbarx‘hamxvoMdu huTiTxkoMD
Aga ada‘nunx paMDi‘tan‘iMda hi‘Didu pA‘ma‘ranavare‘
 []

[38]
Overfull \hbox (4.16615pt too wide) in paragraph at lines 993--994
[]\OT1/ndi/m/n/10.95 barxhamxnu na‘mamx huTiTxn‘oDane koTiTxruva keYya‘nunx UTa
-‘tiMDi‘gaLigU alaMkarisikoLuLxvu‘dakUkx up‘
 []


Overfull \hbox (9.38025pt too wide) in paragraph at lines 993--994
\OT1/ndi/m/n/10.95 sadu‘pay‘oVga du‘ru‘pay‘oV‘ga‘gaLa‘nunx mA‘Dide‘voV eMba aMs
ha‘gaLa‘nunx man‘a‘sisxge taM‘dukoMDu ecacxrikey‘
 []


Overfull \hbox (26.35367pt too wide) in paragraph at lines 997--998
\OT1/ndi/m/n/10.95 icay‘isu‘vAga `catu‘vaR‘gaRsAd‘hanaM kAvayxmf' eM‘budAgi dha
mARthaRkA‘m‘a‘gaLeMba triva‘gaRkUkx moVkaSxveMba
 []


Overfull \hbox (7.57704pt too wide) in paragraph at lines 1005--1006
[]\OT1/ndi/m/n/10.95 yAvudoMdu va‘sutxvu na‘mamx‘gaLavare‘vigU habibx, beLe‘dub
aMdu, na‘m‘age‘lAlx oMdu bageya suKa-saM‘
 []


Overfull \hbox (0.31264pt too wide) in paragraph at lines 1005--1006
\OT1/ndi/m/n/10.95 toVSagaLa‘nunx ko‘Du‘titxdeyoV, A baLiLxya mUla elilxde? eM‘
bu‘da‘nunx gaman‘isu‘tatxleV irabeVku. elilxM‘
 []

[39] [40]
Overfull \hbox (24.02907pt too wide) in paragraph at lines 1021--1022
[]\OT1/ndi/m/n/10.95 samUlavAgi beLeda gi‘DadalilxyU, sariyAda poVSaNey‘i‘lalx‘
di‘dadxre kiMDAgiyoV, doVra‘gAyAgiyoV,
 []


Overfull \hbox (1.29802pt too wide) in paragraph at lines 1021--1022
\OT1/ndi/m/n/10.95 aSaTxSaTxralilxyeV uduri hoV‘gu‘vu‘doV uMTU, iTaTxgi‘Dav‘e‘l
alxvUpUNaRPala koTeTxV ko‘Du‘tatxde eMdA‘
 []


Overfull \hbox (9.4495pt too wide) in paragraph at lines 1021--1022
\OT1/ndi/m/n/10.95 AyA de‘Vsha-kAla‘gaLu matutx dhamaR-ka‘maR‘gaLu iva‘nunx ava
laM‘bisirutetx. yAvu‘dakUkx na‘mamx ecacxrikey‘
 []


Overfull \hbox (15.9156pt too wide) in paragraph at lines 1029--1030
[]\OT1/ndi/m/n/10.95 avaravara vaqtitxyalelxV avar‘avaru bALu‘vudu ce‘nunx. kaN
‘iNxgeVnu vaqtitx? eM‘dare noV‘Du‘vudu, mUgigeVnu
 []


Overfull \hbox (16.88924pt too wide) in paragraph at lines 1033--1035
[]\OT1/ndi/m/n/10.95 obabx kaSx‘tirxyana‘nunx ku‘ritu `ni‘nage I katitxyalelxV 
jiV‘vanave‘lAlx ide' eMdu heVL‘i‘dare, `idara yAvAyAvA
 []


Overfull \hbox (4.35817pt too wide) in paragraph at lines 1033--1035
\OT1/ndi/m/n/10.95 jiV‘vana adar‘alilx sigu‘vudi‘lalx. A mAtina aBi‘pArxya‘va‘n
unx avanu garx‘his‘abeVku. avana‘nunx saqSiTxsida dhamaRvu,
 []


Overfull \hbox (1.12544pt too wide) in paragraph at lines 1033--1035
\OT1/ndi/m/n/10.95 avana jiV‘vana‘va‘nunx rUpisida dhamaRvu, katitxya alag‘i‘na
Mte avana‘nunx iTiTxde. sa‘tayx, dhamaR‘gaLa raKaSxNeya‘
 []

[41]
Overfull \hbox (1.08174pt too wide) in paragraph at lines 1042--1043
\OT1/ndi/m/n/10.95 shabadx‘vayx‘va‘hAradalilxyU na‘m‘age beVkAda pA‘siTivfge ne
ge‘Tivf atayx‘vashayxka. adu En‘eMdu niVvu tiLiduko‘
 []


Overfull \hbox (6.63515pt too wide) in paragraph at lines 1042--1043
\OT1/ndi/m/n/10.95 I pA‘siTivf heVge heVge meVkapf Ag‘ibiTiTxde eM‘bu‘dakekx mU
‘lasavxrU‘pa‘va‘nunx noVDi, idu hiVge vikAsav‘
 []


Underfull \vbox (badness 1163) has occurred while \output is active []

 [42]
Overfull \hbox (8.05322pt too wide) in paragraph at lines 1050--1051
\OT1/ndi/m/n/10.95 dAMshacx veV‘dayxM ca..... savaRM shariVrAtamxni' eMba maTaT
xkekx Eru‘vu‘dariMda Av‘Aga aM‘tavARNiyAgabahudu.
 []


Overfull \hbox (15.49077pt too wide) in paragraph at lines 1066--1067
\OT1/ndi/m/n/10.95 AnaM‘damayakoVsha, vi‘jAc‘nx‘na‘mayakoVsha, manoV‘mayakoVsha
, pArx‘Na‘mayakoVsha- idAvudeV koVshadalilx
 []

[43]
Overfull \hbox (9.11746pt too wide) in paragraph at lines 1068--1069
[]\OT1/ndi/bx/n/10.95 `niSikxrXyaH ni‘raM‘janaH' eMdu heVLalapx‘TaTx va‘sutxv‘i
na ari‘vAgabeVkAdare adakakxnu‘gu‘NavAda vayx‘va‘hAr‘avirabeVku 
 []


Overfull \hbox (10.29904pt too wide) in paragraph at lines 1070--1071
[]\OT1/ndi/m/n/10.95 jAcnxnigaLAdavaru iMdirxya‘gArx‘ma‘gaLe‘lalx‘va‘nUnx saMya
‘m‘agoLisi, elilx `niSikx‘tXyaH, ni‘raM‘janaH, niviRkalapxH'
 []


Overfull \hbox (5.35005pt too wide) in paragraph at lines 1074--1075
[]\OT1/ndi/m/n/10.95 pArxNAyAmadiMda avana‘nunx novD‘abahudeMdu shAsatxrXvu hev
‘Lu‘tatxdeyalAlx eM‘dukoMDu mUgu
 []


Overfull \hbox (5.0018pt too wide) in paragraph at lines 1084--1085
[]\OT1/ndi/m/n/10.95 sAdhakana sAd‘haneyu muM‘du‘varidAga kelavu shabadx‘gaLu, 
kelavu mAtu‘gaLu ive‘lAlx aM‘tavARniyAgi
 []


Overfull \hbox (3.77705pt too wide) in paragraph at lines 1084--1085
\OT1/ndi/m/n/10.95 nunx keVLoVNa. Iga hev‘Lu‘titxru‘vudu bA‘hayx‘parx‘paM‘cakek
x., bu‘did‘hxge goV‘car‘avAgu‘vaMte tiLisu‘vudAgideyaSeTx. 
 []

[44]
Overfull \hbox (1.95758pt too wide) in paragraph at lines 1101--1102
[]\OT1/ndi/m/n/10.95 mUladalilx yAvu‘doV oMdu dhamaR‘vidudx, adeV mUM‘dakUkx ta
LiLxko‘TuTx, adu man‘a‘sisxgU tagal‘
 []

[45] [46] [47]
Overfull \hbox (4.01987pt too wide) in paragraph at lines 1167--1168
\OT1/ndi/m/n/10.95 pisikoMDeV ag‘inx‘parx‘tiSeThx mADu‘vAga `bUbuR‘va‘susx‘varo
Vmf' eM‘budAgi mUru sAthx‘na‘gaLa‘nunx ulelxVk‘
 []

[48]
Overfull \hbox (3.70853pt too wide) in paragraph at lines 1199--1200
[]\OT1/ndi/m/n/10.95 I ag‘inxyeV muMde, `teVjoV veY vAkf' `vA‘gAvx ag‘inxH' enu
nx‘vaMte, vAkikxge mUlavAguva riVtiyalilx
 []

[49]
File: om.eps Graphic file (type eps)
 <om.eps>
Overfull \hbox (25.48346pt too wide) in paragraph at lines 1235--1236
[]\OT1/ndi/m/n/10.95 (meYsUru shirxV‘manamx‘hArA‘jaru koTiTxruva er‘aDane pArx‘
jek‘fTxna utatxrakAkxgi naDesida parx‘va‘canada sArAMsha-saM‘
 []


Overfull \hbox (2.89197pt too wide) in paragraph at lines 1241--1242
[]\OT1/ndi/m/n/10.95 loVkadalilx yAvudeV padada athaR, BAva, tAt‘apx‘yaR ivu‘ga
La peYki yAvu‘da‘nenxV visatxrisi tiLiduko‘
 []

[50]
Overfull \hbox (7.74075pt too wide) in paragraph at lines 1255--1256
\OT1/ndi/m/n/10.95 avarige gwrava toVrida mAtarxdiMda na‘m‘ageVnu lABavAy‘itu? 
adu ni‘javeV? suLeLxV? eMdu yathAbu‘
 []


Overfull \hbox (3.54102pt too wide) in paragraph at lines 1255--1256
\OT1/ndi/m/n/10.95 iru‘vudi‘lalx. viSayavu huTuTx‘vA‘galU, be‘Leyu‘vA‘galU pArx
‘mANikateya‘nunx kaLe‘dukoMDi‘lalxveV? ada‘
 []


Overfull \hbox (1.61803pt too wide) in paragraph at lines 1259--1260
\OT1/ndi/m/n/10.95 va‘sutx' eMdu nAvu athaR‘mADiko‘LaLxbahu‘dAdarU, su‘titxgey‘
iMda ja‘ji‘jx‘darU, ca‘pa‘pxDikalalx‘nunx meVle hAki‘
 []

[51]
Overfull \hbox (11.12242pt too wide) in paragraph at lines 1267--1268
[]\OT1/ndi/m/n/10.95 `avanoDane mAtanADu‘vu‘dar‘alilx rasav‘i‘lalx' enunxveDeya
lilx, up‘ay‘oV‘gav‘i‘lalx, Ad‘abeVkAda viSayakekx
 []


Overfull \hbox (0.65762pt too wide) in paragraph at lines 1267--1268
\OT1/ndi/m/n/10.95 avana kaDey‘iMda poVSaNey‘i‘lalx, avanu ada‘nunx Adar‘avAgi 
tege‘duko‘LaLxlAra, eM‘dathaR barutetx.' 
 []


Overfull \hbox (11.36282pt too wide) in paragraph at lines 1270--1271
\OT1/ndi/m/n/10.95 Dane mAtananx‘thaR‘mADikoLuLx‘tAtxne. na‘mamx mAt‘eVnU veY‘p
ariV‘tayxkekx tirugu‘vudi‘lalx. keVLidudx sAthaRkav‘
 []

[52]
Overfull \hbox (31.84341pt too wide) in paragraph at lines 1291--1292
[]\OT1/ndi/m/n/10.95 aMteyeV I kAraNa‘gaLa jotege avana‘vana kaM‘Di‘VSan‘inxgU 
hiri‘dAda pAtarxvideyeM‘bu‘da‘nunx mareyabAdaru.
 []

[53]
Overfull \hbox (2.72018pt too wide) in paragraph at lines 1299--1300
[]\OT1/ndi/m/n/10.95 shaqMgArAdi rasagaLu mAtarx‘valalx, BwtikavAda SaDarxsagaL
a vicAradalUlx hiVgeyeV rasagaLananxriyadeyeV
 []


Overfull \hbox (5.74744pt too wide) in paragraph at lines 1303--1304
\OT1/ndi/m/n/10.95 ade‘lAlx AyA san‘inxveVshada Avashayxkateya meVle nilulx‘tet
x. alelxlAlx rasABi‘vayxk‘itxge viSayaviru‘vudi‘lalx. AdadxriM‘
 []

[54]
Overfull \hbox (17.77078pt too wide) in paragraph at lines 1321--1322
\OT1/ndi/m/n/10.95 man‘a‘susx matutx bu‘did‘hx‘gaLige viSayav‘Agutatxve. AyA ra
sagaLa‘nunx ebibxsi aM‘dare udoBxVd‘hagoLisi, manoVbu‘
 []


Overfull \hbox (1.90932pt too wide) in paragraph at lines 1325--1326
[]\OT1/ndi/m/n/10.95 Iga I rasa‘va‘nunx kAvayx‘dalilx yAva riVti tege‘dukoM‘Di‘
dAdxre? eMba viSayadalilx kelavu mAtanAnxD‘
 []


Overfull \hbox (3.00746pt too wide) in paragraph at lines 1327--1328
\OT1/ndi/m/n/10.95 asagaRvu `apa' eMba up‘asagaRda samAnAthaR‘vAgide. udA‘ha‘ra
‘Nege - AvakaSaR, apakaSaR iveraDU
 []

[55]
Overfull \hbox (8.4355pt too wide) in paragraph at lines 1362--1363
\OT1/ndi/m/n/10.95 asAvx‘daniVyav‘A‘giruva kAraNa ada‘nunx rasayx‘vAgide enunx‘
tAtxralalxveV? Adare adu haNANxguva mu‘nanx miDiya
 []


Overfull \hbox (0.12392pt too wide) in paragraph at lines 1362--1363
\OT1/ndi/m/n/10.95 gaman‘isidAga rasa matutx BAv‘a‘gaLa sAthx‘na‘mAna‘gaLananxL
e‘duko‘LaLxbahudu. `BAva'veMbudu, oMdu miDiya
 []


Overfull \hbox (7.73953pt too wide) in paragraph at lines 1366--1367
\OT1/ndi/m/n/10.95 vikAr‘avU oMdeV Ay‘i‘ta‘lAlx! aM‘dare- kAraNAvasethxya‘nunx 
parxkaqtiyeMdU. kArAyx‘vasethxya‘nunx vikaqti-vikAra
 []


Overfull \hbox (11.37146pt too wide) in paragraph at lines 1366--1367
\OT1/ndi/m/n/10.95 eMdU dAshaRnikaru vayx‘va‘harisu‘varu. mogigxna kArAyx‘vaset
hxyeV hUvu. adeV vikAsa. kArAyx‘vasethxyAdadxriMda
 []

[56]
Overfull \hbox (1.41621pt too wide) in paragraph at lines 1375--1376
\OT1/ndi/m/n/10.95 BAvakekx takakx hAvaveM‘bu‘doMdu sitxrXVyalilx huTiTxkoMDu, 
AnaM‘tara shaqM‘gArAdi rasagaLu huTiTxkoLuLxvuvu. 
 []


Overfull \hbox (1.85614pt too wide) in paragraph at lines 1396--1397
[]\OT1/ndi/m/n/10.95 eMdU heVL‘i‘dAdxre. yAva oMdu va‘sutxvu mo‘TaTx modalige s
avxyaMjoyxVtiyAgi be‘Lagu‘vudAgidudx,
 []


Overfull \hbox (0.73428pt too wide) in paragraph at lines 1396--1397
\OT1/ndi/m/n/10.95 adeV modala rasa. naM‘tara karuNAdi‘gaLu. AdadxriMda shaqM‘g
ArAdi rasagaLeMba vayx‘va‘hAr‘avAgide. karuNAdi
 []

[57]
Overfull \hbox (2.24149pt too wide) in paragraph at lines 1400--1401
\OT1/ndi/m/n/10.95 Dare, ade‘VnU tananx gu‘Na‘vanAnx‘galiV rasa‘vanAnx‘galiV he
V‘LikoLuLxvudi‘lalx. alilx ada‘nunx AsAvxdis‘uva riVtiyalilx
 []


Overfull \hbox (8.6695pt too wide) in paragraph at lines 1400--1401
\OT1/ndi/m/n/10.95 ti‘n‘unx‘va‘vanidadxre, avanu ada‘nunx hev‘Liko‘LaLxbeVku. p
a‘dAthaRvU idudx ada‘nunx saviyu‘vaM‘taha iMdirxyavU
 []


Overfull \hbox (4.14864pt too wide) in paragraph at lines 1400--1401
\OT1/ndi/m/n/10.95 idudx av‘er‘aDara saMy‘oV‘gavU EpaR‘TATxga alilx oMdu rasa. 
aMteyeV yAvu‘dAdarU oMdu BAvavidudx
 []

[58] [59]
Overfull \hbox (2.87248pt too wide) in paragraph at lines 1468--1469
\OT1/ndi/m/n/10.95 parxd‘hAnavAda rasav‘Agutatxde. ceV‘tananA‘da‘vanu koneyadAd
a bak‘itxya‘nunx mu‘TiTx nilulx‘vaM‘tAg‘ibi‘TaTxre, anaM‘
 []


Overfull \hbox (6.50114pt too wide) in paragraph at lines 1468--1469
\OT1/ndi/m/n/10.95 maM‘gal‘adalelxV nilulx‘tAtxreVpApx! gu‘ruvu ko‘TaTx dhAyx‘n
Adi‘gaLu sa‘tayx dashaR‘nakekx heVge kAraNav‘AgutotxV, hAgeyeV
 []


Overfull \hbox (4.36171pt too wide) in paragraph at lines 1468--1469
\OT1/ndi/m/n/10.95 kaviyu BAva, dhavxni, rasagaLa‘nunx tuMbisiko‘TaTx kAvayxvU 
saha tatatxvX‘dashaR‘nakekx di‘vAyxnubavakekx, para‘masamAd‘
 []


Overfull \hbox (10.64153pt too wide) in paragraph at lines 1481--1482
[]\OT1/ndi/m/n/10.95 kaviyu ko‘taTx kAvayx‘va‘nunx avana hAdaR‘vAda Ashayado‘Da
ne sa‘haq‘dayanAgi AsAvxdis‘uva rasikanAgid‘
 []

[60]
Overfull \hbox (1.42278pt too wide) in paragraph at lines 1504--1505
[]\OT1/ndi/m/n/10.95 yAvudAdaroMdu garxMtha‘va‘nunx ce‘nAnxgide eMdu hogaLa‘ho‘
r‘aTu, garxMthadalilxruva ce‘nanx‘nunx gaman‘
 []

[61]
Overfull \hbox (16.69923pt too wide) in paragraph at lines 1514--1515
\OT1/ndi/m/n/10.95 mA‘likAlateya‘nunx maradameVle habibxsiyAgide. shakuM‘ta‘ley
u gaBiRNiyAguva hotitxge AgaleV alolxMdu
 []


Overfull \hbox (0.30275pt too wide) in paragraph at lines 1514--1515
\OT1/ndi/m/n/10.95 agaR‘va‘nUnx neY‘jav‘Agi citirx‘su‘vaMte, oMdu nATakadoLage 
matUtx eraDu nATak‘a‘gaLa‘nunx poVNisidAdxneMba
 []


Overfull \hbox (2.1905pt too wide) in paragraph at lines 1520--1521
\OT1/ndi/m/n/10.95 ahaha' eMba EkAkArada dhavxniyu saM‘toVSadalUlx saMkaTadalUl
x kAN‘abahu‘dAdarU, vipariVta vAyxKAyx‘
 []

[62]
Overfull \hbox (11.27232pt too wide) in paragraph at lines 1539--1540
\OT1/ndi/m/n/10.95 ayxRvidAg‘i‘tutx. itara sAmAnayx pArxNi‘gaLu tiM‘di‘dadx‘nun
x kakikx‘dare, adu va‘mana - vAMtiyeMdu mAtarxvenisutetx.
 []


Overfull \hbox (7.99765pt too wide) in paragraph at lines 1539--1540
\OT1/ndi/m/n/10.95 koM‘Di‘dAdxre. bariya puSapxrasa mAtarxveV jeV‘nAgu‘vudi‘lal
x. mad‘hukarada pi‘tatxrasadiMda mishirx‘tavAda puSapxrasaveV
 []


Overfull \hbox (7.78543pt too wide) in paragraph at lines 1547--1548
[]\OT1/ndi/m/n/10.95 shirxV rA‘mAyaNa kAvayxvU saha BagavaM‘tana caraNaka‘mala‘
gaLalilx hokukx alilx ADi‘pADi, alilxya makaraM‘
 []


Underfull \vbox (badness 2762) has occurred while \output is active []

 [63]
Overfull \hbox (5.43323pt too wide) in paragraph at lines 1562--1563
[]\OT1/ndi/m/n/10.95 aMtaha kaviyu yAru? eMdAga shirxV shaMkaraBa‘ga‘vat‘Apx‘da
ru yoVgiyA‘da‘vaneV kavi eMdu tiLisiru‘
 []

[64]
Overfull \hbox (7.5012pt too wide) in paragraph at lines 1587--1588
\OT1/ndi/m/n/10.95 seVrikoM‘Di‘dadxrU, oM‘doMdu sithx‘tiyalilx mAtarx oM‘doMdu 
rasavu heVge parxd‘hAnav‘Agu‘vu‘doV, aMteyeV
 []


Overfull \hbox (3.47272pt too wide) in paragraph at lines 1602--1603
[]\OT1/ndi/m/n/10.95 nATayxvu vAkAyx‘thaR‘vAda rasa‘vanAnxsharxy‘isikoMDiru‘vud
u. naq‘tayxvu pa‘dAthaR‘vAda BAva‘va‘nunx Asharxy‘
 []

[65]
Overfull \hbox (2.00076pt too wide) in paragraph at lines 1632--1633
\OT1/ndi/m/n/10.95 maR‘vananxritu adara aM‘taraM‘ga‘va‘nunx loVkakekx tiLisalu 
mAtarx barata shAsatxrXvu ho‘r‘aT‘itu. oMdu parxkaqtiyu
 []

[66] [67]
Overfull \hbox (2.27167pt too wide) in paragraph at lines 1722--1723
[]\OT1/ndi/m/n/10.95 elalxvU tananx mU‘lakekxV hoVgi nele nilulx‘vaM‘tAdare ade
‘V‘papx suM‘dara. ilalx‘di‘dadxre vikAra‘papx. yAvudeV
 []


Overfull \hbox (2.50801pt too wide) in paragraph at lines 1722--1723
\OT1/ndi/m/n/10.95 BAvavU, rasavU, sitxrXVyaralAlx‘galiV pu‘ruSar‘alAlx‘galiV o
TiTx‘nalilx adu para‘ma‘rasav‘AgabeVku. elalxvU rasav‘
 []

[68]) [69] (./mainfile.aux) ) 
Here is how much of TeX's memory you used:
 585 strings out of 493118
 7216 string characters out of 6135466
 68827 words of memory out of 5000000
 4097 multiletter control sequences out of 15000+600000
 12268 words of font info for 23 fonts, out of 8000000 for 9000
 1141 hyphenation exceptions out of 8191
 25i,5n,19p,2347b,204s stack positions out of 5000i,500n,10000p,200000b,80000s

Output written on mainfile.dvi (71 pages, 336064 bytes).
