This is pdfTeX, Version 3.1415926-2.4-1.40.13 (TeX Live 2012) (format=latex 2013.10.29)  17 JUL 2017 17:14
entering extended mode
 restricted \write18 enabled.
 %&-line parsing enabled.
**hindi.tex
(./hindi.tex
LaTeX2e <2011/06/27>
Babel <v3.8m> and hyphenation patterns for english, dumylang, nohyphenation, ge
rman-x-2012-05-30, ngerman-x-2012-05-30, afrikaans, ancientgreek, ibycus, arabi
c, armenian, basque, bulgarian, catalan, pinyin, coptic, croatian, czech, danis
h, dutch, ukenglish, usenglishmax, esperanto, estonian, ethiopic, farsi, finnis
h, french, friulan, galician, german, ngerman, swissgerman, monogreek, greek, h
ungarian, icelandic, assamese, bengali, gujarati, hindi, kannada, malayalam, ma
rathi, oriya, panjabi, tamil, telugu, indonesian, interlingua, irish, italian, 
kurmanji, latin, latvian, lithuanian, mongolian, mongolianlmc, bokmal, nynorsk,
 polish, portuguese, romanian, romansh, russian, sanskrit, serbian, serbianc, s
lovak, slovenian, spanish, swedish, turkish, turkmen, ukrainian, uppersorbian, 
welsh, loaded.
(/usr/local/texlive/2012/texmf-dist/tex/latex/base/article.cls
Document Class: article 2007/10/19 v1.4h Standard LaTeX document class
(/usr/local/texlive/2012/texmf-dist/tex/latex/base/size10.clo
File: size10.clo 2007/10/19 v1.4h Standard LaTeX file (size option)
)
\c@part=\count79
\c@section=\count80
\c@subsection=\count81
\c@subsubsection=\count82
\c@paragraph=\count83
\c@subparagraph=\count84
\c@figure=\count85
\c@table=\count86
\abovecaptionskip=\skip41
\belowcaptionskip=\skip42
\bibindent=\dimen102
)
(/usr/local/texlive/2012/texmf-dist/tex/latex/velthuis/devanagari.sty
Package: devanagari 2009/02/09 v2.15 LaTeX macros for Velthuis Devanagari
\dev@chnum=\count87
\itdim=\dimen103
\anudep=\dimen104
\anuwid=\dimen105
)
(./hindi.aux)
\openout1 = `hindi.aux'.

LaTeX Font Info:    Checking defaults for OML/cmm/m/it on input line 5.
LaTeX Font Info:    ... okay on input line 5.
LaTeX Font Info:    Checking defaults for T1/cmr/m/n on input line 5.
LaTeX Font Info:    ... okay on input line 5.
LaTeX Font Info:    Checking defaults for OT1/cmr/m/n on input line 5.
LaTeX Font Info:    ... okay on input line 5.
LaTeX Font Info:    Checking defaults for OMS/cmsy/m/n on input line 5.
LaTeX Font Info:    ... okay on input line 5.
LaTeX Font Info:    Checking defaults for OMX/cmex/m/n on input line 5.
LaTeX Font Info:    ... okay on input line 5.
LaTeX Font Info:    Checking defaults for U/dn/m/n on input line 5.
LaTeX Font Info:    Try loading font information for U+dn on input line 5.
 (/usr/local/texlive/2012/texmf-dist/tex/latex/velthuis/udn.fd
File: Udn.fd 2004/08/03 v2.14
)
LaTeX Font Info:    ... okay on input line 5.

Overfull \hbox (24.77458pt too wide) in paragraph at lines 9--10
[]\U/dn/m/n/10 eq, aAyog, -vFyEvEvDkAy[][]q[] EvòEvçAlygt[] tEdtrs[]-Tgt[] c s[
]-k[]tEf"AEvqyk[]
 []


Overfull \hbox (12.79922pt too wide) in paragraph at lines 11--12
[]\U/dn/m/n/10 prMprAgtA[] s[]-k[]tEf"A˛ZAlF[] prF#y t/(yA, k[] k[] Evf[]qA, nv
Fn\OT1/cmr/m/n/10 -\U/dn/m/n/10 Ef"A˛ZASyAm[]
 []


Overfull \hbox (13.38292pt too wide) in paragraph at lines 23--24
[]\U/dn/m/n/10 kA B[]EmkA kAy[]Evf[]q, vA s[]-k[]tEvdA açtn[] BArt-y rAE£[]yjFv
n[] Env[]t[]Eyt&y,
 []


Overfull \hbox (12.02621pt too wide) in paragraph at lines 28--29
[]\U/dn/m/n/10 pAWfAlAs[]\OT1/cmr/m/n/10 , \U/dn/m/n/10 mhAEvçAly[]q[]\OT1/cmr/
m/n/10 , \U/dn/m/n/10 EvòEvçAly[]q[] c ˛vt[]mAnAt[] s[]-k[]tA@yynAt[]
 []


Overfull \hbox (4.93692pt too wide) in paragraph at lines 32--33
[]\U/dn/m/n/10 mAnEvkF sA[]-k[]EtkF c s[]-k[]t-y anG[]tAm[] aAloQy\OT1/cmr/m/n/
10 , \U/dn/m/n/10 s[]-k[]tA@yynEvqy[]
 []


Overfull \hbox (19.0494pt too wide) in paragraph at lines 32--33
\U/dn/m/n/10 mhFy, uàoDnm[] aAdr[] c BArtFy gZt^^F/An[]pAElt[]s[] nAgErk[]q[] s
m[](pAdEyt[][]
 []


Overfull \hbox (3.1363pt too wide) in paragraph at lines 34--35
[]\U/dn/m/n/10 kFd[]E`B, EvˇDAEB, \OT1/cmr/m/n/10 `\U/dn/m/n/10 sAEh(y akAd[]mF
\OT1/cmr/m/n/10 ' (\U/dn/m/n/10 aEKlBArtFy\OT1/cmr/m/n/10 -\U/dn/m/n/10 sAEh(yp
Erqt[]\OT1/cmr/m/n/10 )
 []


Overfull \hbox (16.32222pt too wide) in paragraph at lines 34--35
\U/dn/m/n/10 sAhA^^Ey[] kt[][] f«[]yAt[] \OT1/cmr/m/n/10 ? \U/dn/m/n/10 t[]q[] 
t[]q[] EvçA-TAn[]q[] ˛EtEnEDB[]tAnA[] s[]-k[]tg[]^^FTAnAm[]
 []


Overfull \hbox (17.62442pt too wide) in paragraph at lines 34--35
\OT1/cmr/m/n/10 (\U/dn/m/n/10 1\OT1/cmr/m/n/10 ) \U/dn/m/n/10 aAΩ[]lBAqAyA[] \O
T1/cmr/m/n/10 (\U/dn/m/n/10 2\OT1/cmr/m/n/10 ) \U/dn/m/n/10 ˛Ad[]EfkBAqAn[] c a
n[]vAd[], shk[]tAEn -vSpm[]SyAEn
 []


Overfull \hbox (8.21277pt too wide) in paragraph at lines 34--35
\U/dn/m/n/10 akAd[]mF\OT1/cmr/m/n/10 ' \U/dn/m/n/10 -vy[] ˛kAfy[]t[] a^^Fy[], v
A ˛kA[ymAnAEn p[]r-k[]yA[]t[]\OT1/cmr/m/n/10 , \U/dn/m/n/10 i(y[]tEíqy[]
 []


Overfull \hbox (33.42334pt too wide) in paragraph at lines 34--35
\U/dn/m/n/10 BvtA[] Ek[] mtm[]\OT1/cmr/m/n/10 ? [\U/dn/m/n/10 yvn\OT1/cmr/m/n/1
0 -\U/dn/m/n/10 romk\OT1/cmr/m/n/10 -\U/dn/m/n/10 BAqyo, ElEKtAnA[] g[]^^FTAnAm
[] aAΩ[]lBAqAn[]vAd\OT1/cmr/m/n/10 -
 []

[1

]
Overfull \hbox (26.4129pt too wide) in paragraph at lines 40--41
[]\U/dn/m/n/10 a=y[]tt[] BvˇtAm[] aEBmt[] yt[] k-ˇmAEŒdEp BArtˇFyAt[] Ef"ApFWAt
[] smAvt[]mAn[]n
 []


Overfull \hbox (5.14418pt too wide) in paragraph at lines 44--45
[]\U/dn/m/n/10 a=y[]tt[] BvtA[] mtm[]\OT1/cmr/m/n/10 , \U/dn/m/n/10 yt[] Evd[]f
-T[]q[] BArtFy\OT1/cmr/m/n/10 -\U/dn/m/n/10 rAjd[]tAvAs[]q[] s[]-k[]tEvd[]qA[]
 []


Overfull \hbox (9.7744pt too wide) in paragraph at lines 44--45
\U/dn/m/n/10 Eny[]Eƒ, Eáyt[] c[]t[]\OT1/cmr/m/n/10 , \U/dn/m/n/10 rAjd[]tAvAsgt
AEn sA[]-k[]EtkAEn @yvEsˇtAEn sOky[]m[]
 []


Overfull \hbox (6.27573pt too wide) in paragraph at lines 47--48
[]\U/dn/m/n/10 EnEKlBArtFy[]q[] k[]p[]Ect[] aAEDkAErk[]q[] &yvhAr[]q[]\OT1/cmr/
m/n/10 -\U/dn/m/n/10 sADArZEvqyAn[] aEDk[]vA[]Z,
 []


Overfull \hbox (34.70798pt too wide) in paragraph at lines 47--48
\U/dn/m/n/10 aA^^FtrrA>yFy, l[]K&yvhAr,\OT1/cmr/m/n/10 , \U/dn/m/n/10 aO(sEvkA,
 c ˛sΩA, EvòEvçAly\OT1/cmr/m/n/10 -\U/dn/m/n/10 ‹AtkAn[]fAsnm[]\OT1/cmr/m/n/10 
,
 []


Overfull \hbox (33.245pt too wide) in paragraph at lines 47--48
\U/dn/m/n/10 fpTˇpAWnm[] BArtFy\OT1/cmr/m/n/10 -\U/dn/m/n/10 gZt^^F/-y k[]t[] v
[]d[]EfkfAsnAEn uEå[y s[]d[]fnA\OT1/cmr/m/n/10 , \U/dn/m/n/10 i(y[]vmAEdq[]\OT1
/cmr/m/n/10 -
 []


Overfull \hbox (33.72972pt too wide) in paragraph at lines 55--56
\U/dn/m/n/10 d[]vnAgyA[],\OT1/cmr/m/n/10 ) (\U/dn/m/n/10 1\OT1/cmr/m/n/10 ) \U/
dn/m/n/10 aEKl\OT1/cmr/m/n/10 -\U/dn/m/n/10 BArtFy\OT1/cmr/m/n/10 -\U/dn/m/n/10
 &yv„Etq[]\OT1/cmr/m/n/10 , (\U/dn/m/n/10 2\OT1/cmr/m/n/10 ) \U/dn/m/n/10 tÅ(-T
AnFy\OT1/cmr/m/n/10 -\U/dn/m/n/10 El=y^^FtrAEZ
 []


Overfull \hbox (10.46301pt too wide) in paragraph at lines 55--56
\U/dn/m/n/10 ˛y[]“An[]q[] rA>yA^^Ftr[]q[] c yTAkˇTˇmEp s[]-k[]tA@yynsm[]‡t[], s
ADk[] BEv	yEt
 []


Overfull \hbox (13.54384pt too wide) in paragraph at lines 55--56
\U/dn/m/n/10 i(y[]vmAçA,\OT1/cmr/m/n/10 ) \U/dn/m/n/10 t(˛yoEgZFnA[] ˛Ad[]EfkBA
qAZA[] s[]-k[]tBAqyA s[]b^^FD[] d[]YEyt[]m[]\OT1/cmr/m/n/10 ,
 []


Overfull \hbox (76.75221pt too wide) in paragraph at lines 67--68
[]\U/dn/m/n/10 aEKlBrtFyAyA, mAnEvk\OT1/cmr/m/n/10 -\U/dn/m/n/10 v[]‚AEnk\OT1/c
mr/m/n/10 -\U/dn/m/n/10 yAE^^F/k\OT1/cmr/m/n/10 -\U/dn/m/n/10 pErBqAyA, ˛ZAyn[]
\OT1/cmr/m/n/10 , \U/dn/m/n/10 aEKlBArtopyogAT[]
 []

[2]
Overfull \hbox (22.56497pt too wide) in paragraph at lines 69--70
[]\U/dn/m/n/10 idAnFtnFnA[] BrtˇFyˇBqAZAm[] tŒˇtrA@yyn-y k[]t[] s[]-k[]tm[] aAv
-ykEvqy(v[]n
 []


Overfull \hbox (13.1373pt too wide) in paragraph at lines 80--81
[]\U/dn/m/n/10 sA[]DAr^^WyA[] BrtFyAyA[] sAE	d[]\OT1/cmr/m/n/10 ??\U/dn/m/n/10 
Ef˛ZASyA[] Bv^^Fmt[]n kFåf[] s[]-k[]tA@yynsy
 []


Overfull \hbox (27.00977pt too wide) in paragraph at lines 86--87
[]\U/dn/m/n/10 BrtFy\OT1/cmr/m/n/10 -\U/dn/m/n/10 Ef"\OT1/cmr/m/n/10 -\U/dn/m/n
/10 ˛ZASyA[] s[]-k[]t-y yn[] -TAnm[]\OT1/cmr/m/n/10 , \U/dn/m/n/10 tt[] pAñAcA(
y\OT1/cmr/m/n/10 -\U/dn/m/n/10 Ef"˛nAlFgn[]n
 []


Overfull \hbox (19.16106pt too wide) in paragraph at lines 106--107
\U/dn/m/n/10 vt[]t[]\OT1/cmr/m/n/10 , \U/dn/m/n/10 sA pyA[](ZA iEt Bv^^FtA, m^^
Fy^^Ft[] Ekm[] \OT1/cmr/m/n/10 ? \U/dn/m/n/10 mEhEvçAly[]q[] EvòEvçAly[]s[]
 []


Overfull \hbox (1.524pt too wide) in paragraph at lines 106--107
\U/dn/m/n/10 c IåfA[] J^^FTAnAm[] a@yApn[] ˛BEv	Z[] Bv[]t[]\OT1/cmr/m/n/10 , \U
/dn/m/n/10 i(y[]tdT[] kFd[]fF EvD[]ypdvF
 []

[3]
Overfull \hbox (21.16832pt too wide) in paragraph at lines 120--121
[]\U/dn/m/n/10 etAs[] BfAZAm[] a@ypnT[] mAdyEmkEvGfAlAnA[] smysAr ZFs[] upl<ymA
nA,
 []


Overfull \hbox (48.22917pt too wide) in paragraph at lines 129--130
\U/dn/m/n/10 Env[]fAnFyA,\OT1/cmr/m/n/10 , \U/dn/m/n/10 yTA\OT1/cmr/m/n/10 ----
\U/dn/m/n/10 s[]-k[]tkA&ynAVkAl[]kAr\OT1/cmr/m/n/10 -\U/dn/m/n/10 fA-/AZAm[] aA
i`lsAEh(ypAWnám[]
 []


Overfull \hbox (52.16037pt too wide) in paragraph at lines 134--135
[]\U/dn/m/n/10 Bd^^Fmtm[] an[]˙[](y\OT1/cmr/m/n/10 , (\U/dn/m/n/10 1\OT1/cmr/m/
n/10 ) \U/dn/m/n/10 pAWˇfAlAs[] s[]-k[]tmhAEvçly[]s[] c\OT1/cmr/m/n/10 , (\U/dn
/m/n/10 2\OT1/cmr/m/n/10 ) \U/dn/m/n/10 m<yAEmkEvçfAlAs[]\OT1/cmr/m/n/10 ,
 []


Overfull \hbox (34.65259pt too wide) in paragraph at lines 138--139
[]\U/dn/m/n/10 Bv(˛md[]fo s[]-k[]tmhAEvçAly[]s[] pAWˇfAlAs[] c EvEvDˇfAs[]\OT1/
cmr/m/n/10 ???\U/dn/m/n/10 ZAm[] a@yynAy[]m[]
 []


Overfull \hbox (25.14319pt too wide) in paragraph at lines 138--139
\U/dn/m/n/10 upl<ymAnAEn s[]sADnAEn Ek[]sv!pAEZ EkEm[]y^^FtEn c\OT1/cmr/m/n/10 
, \U/dn/m/n/10 Evf[]qt, an^^Ftro/[]s[]
 []


Overfull \hbox (8.21611pt too wide) in paragraph at lines 138--139
\OT1/cmr/m/n/10 (\U/dn/m/n/10 3\OT1/cmr/m/n/10 ) \U/dn/m/n/10 al[]kAsfA-	cm\OT1
/cmr/m/n/10 , (\U/dn/m/n/10 4\OT1/cmr/m/n/10 ) \U/dn/m/n/10 dfA[]nAEn\OT1/cmr/m
/n/10 ----\U/dn/m/n/10 ˛AQy\OT1/cmr/m/n/10 -\U/dn/m/n/10 n&y\OT1/cmr/m/n/10 -\U
/dn/m/n/10 ^^FyAyo\OT1/cmr/m/n/10 , \U/dn/m/n/10 v[]f[]Eqkm[]\OT1/cmr/m/n/10 ,
 []

[4]
Overfull \hbox (12.59563pt too wide) in paragraph at lines 142--143
\U/dn/m/n/10 ˛kAr[]Z up-k[]tA stF B[]yo_Ep tm[] uGog[] ˛Zv^^Ftr[] vFy[]vÅr[] c 
kEr	yAEt\OT1/cmr/m/n/10 ---
 []


Overfull \hbox (26.08623pt too wide) in paragraph at lines 150--151
[]\U/dn/m/n/10 s[]-k[]tmhAEvçly[]<y, pAWˇfAlA<y, c smAvt[]mAnAnA[] EvçAvˇtAm[] 
aAjFEvkAT[]
 []


Overfull \hbox (1.15642pt too wide) in paragraph at lines 154--155
[]\U/dn/m/n/10 BvtA[] ˛d[]f[] EvçmAnAnA[] prMˇprAn[]sAErZ[] sA[]sk[]Evd[]qAm[] 
aAET»Am[] av-ˇ
 []


Overfull \hbox (2.24663pt too wide) in paragraph at lines 154--155
\U/dn/m/n/10 yTAp[]v[] -vˇFym[] a@yynA @yApˇnAn[]§AnA(mk[] kAy[] Enr^^FtArAy[] 
kt[][] ˛Bv[]y[],
 []


Overfull \hbox (40.27051pt too wide) in paragraph at lines 167--168
[]\U/dn/m/n/10 s[]-k[]tBAqAmyAZAm[] iEthAsp[]rAZAnA[] cntATA[]En &yA(yA[]nAEn\O
T1/cmr/m/n/10 , \U/dn/m/n/10 Dm[]df[]nEvqykAEZ
 []


Overfull \hbox (28.47615pt too wide) in paragraph at lines 167--168
\U/dn/m/n/10 s[]BvEt etAåˇfAm[] aAsMBAZA[] s[]§[]tr[] &yv-ˇTApnm[]\OT1/cmr/m/n/
10 , \U/dn/m/n/10 y[]n t[] s[]-k[]tmhAEvçAly[]q[]
 []

[5]
Overfull \hbox (5.85017pt too wide) in paragraph at lines 173--174
[]\U/dn/m/n/10 gEZt>yOEtqAdy, s[]-k[]tEvçAfAKA, aAD[]EnkEv‚AnEvçAEnkAy[] -v[] -
vm[]
 []


Overfull \hbox (7.67235pt too wide) in paragraph at lines 178--179
[]\U/dn/m/n/10 s[]-k[]tA@yyn-y pArMpEr»A[] nvFnAyA[] c pàtO g[]ZAnA[] d[]qAZA[]
 c g[]zlAGv[]
 []


Overfull \hbox (18.80486pt too wide) in paragraph at lines 186--187
\U/dn/m/n/10 BArtFyAnA[] ˛^^Ftv-t[]nAm[] aEˇB‚A, -y[],\OT1/cmr/m/n/10 , \U/dn/m
/n/10 ˛AcFnBArtFyElpFnA[] c &yvhAr"m[]
 []


Overfull \hbox (1.84492pt too wide) in paragraph at lines 188--189
\U/dn/m/n/10 EvòEvçAlygtAnA[] pAWfAlAgtAnA[] c sv[][]qA[] s[]-k[]tEvçAET[]nAm[]
 a@yyn[]
 []


Overfull \hbox (11.13998pt too wide) in paragraph at lines 193--194
[]\U/dn/m/n/10 ett[] s[]-k[]tA@yApn-y ekˇtmm[] uå[][ym[]\OT1/cmr/m/n/10 , \U/dn
/m/n/10 yt[] s[]-k[]tEvçET[]n, gFvA[]ZAvA^^Wy[]
 []


Overfull \hbox (18.12866pt too wide) in paragraph at lines 197--198
[]\U/dn/m/n/10 a=y[]tt[] BvtA[] mtm[]\OT1/cmr/m/n/10 , \U/dn/m/n/10 yt[] avrAs[
] k"As[] smAôˇFyˇmAZA s[]-k[]tA@yApnpàEt,
 []


Overfull \hbox (5.65213pt too wide) in paragraph at lines 211--212
\U/dn/m/n/10 s[]foDns[]-TAs[]\OT1/cmr/m/n/10 , (\U/dn/m/n/10 3\OT1/cmr/m/n/10 )
 \U/dn/m/n/10 t^^Ft(-TAnFypFW[]s[] c yA sADn\OT1/cmr/m/n/10 -\U/dn/m/n/10 sAmJF
 upl<yt[]\OT1/cmr/m/n/10 ,
 []


Overfull \hbox (9.76251pt too wide) in paragraph at lines 211--212
\U/dn/m/n/10 sA pyA[](pA iEt Bv^^FtA, m^^Fy^^Ft[] Ekm[] \OT1/cmr/m/n/10 ? \U/dn
/m/n/10 Bv(˛d[]fo EvçmAnA[] py[]vE-tTEtm[]
 []


Overfull \hbox (18.90442pt too wide) in paragraph at lines 213--214
[]\U/dn/m/n/10 aEp sE^^Ft BvtA[] ˛d[]f[] ˛EtE-vk(v[]n &yv-ˇTAEpˇtAEn kAEnEct[] 
s[]foDnpFWEn
 []


Overfull \hbox (12.8905pt too wide) in paragraph at lines 213--214
\OT1/cmr/m/n/10 ? \U/dn/m/n/10 k[] t[]qAm[] aTA[]j[]nopAyA, \OT1/cmr/m/n/10 ? \
U/dn/m/n/10 t[]qA[] sm[]Ect[] ˛vt[]\OT1/cmr/m/n/10 -\U/dn/m/n/10 nAy\OT1/cmr/m/
n/10 , \U/dn/m/n/10 kAy[]PlEn	pAdn-y
 []

[6]
Overfull \hbox (49.87062pt too wide) in paragraph at lines 215--216
\U/dn/m/n/10 BEvt&ym[]\OT1/cmr/m/n/10 ---\U/dn/m/n/10 aAErt vA ett[] BvtA[] gtm
[] \OT1/cmr/m/n/10 ? \U/dn/m/n/10 etAåfA[] ˛Ad[]Efk\OT1/cmr/m/n/10 -\U/dn/m/n/1
0 s[]-k[]ts[]foDnpFWAnA[]
 []


Overfull \hbox (15.73285pt too wide) in paragraph at lines 215--216
\U/dn/m/n/10 s[]foDnpFWnA[] EnvA[]h, EkˇmAôsy, -yAt[] \OT1/cmr/m/n/10 ? \U/dn/m
/n/10 eq[] s[]foDnpFW[]q[] aAEDfAsEnk[]
 []


Overfull \hbox (3.7275pt too wide) in paragraph at lines 238--239
[]\U/dn/m/n/10 aEp sE^^Ft BvtA[] ˛d[]f[] k[]Ect[] mhAhA[], s[]foDnA(mkA, J^^FTA
, a˛kAEftA,
 []


Overfull \hbox (11.99171pt too wide) in paragraph at lines 243--244
[]\U/dn/m/n/10 BvtA[] ˛d[]f[] ˛EtE-vk[]q[] s[]g[]h[]q[] avE-TˇtAEn s[]-k[]th-t\
OT1/cmr/m/n/10 -\U/dn/m/n/10 ElEKtAEn yToEct[]
 []


Overfull \hbox (6.72649pt too wide) in paragraph at lines 249--250
\U/dn/m/n/10 CAyAl[]KA,\OT1/cmr/m/n/10 , \U/dn/m/n/10 aZ[]QCAEykAEn\OT1/cmr/m/n
/10 , \U/dn/m/n/10 aZ[]QCAEykvAcn[] c\OT1/cmr/m/n/10 --\U/dn/m/n/10 et[]qA[] km
[]ZA[] Env[]t[]n[]
 []


Overfull \hbox (12.65834pt too wide) in paragraph at lines 252--253
[]\U/dn/m/n/10 BvtA[] ˛d[]f[] J^^FTAly[]p[] s[]-k[]tt\OT1/cmr/m/n/10 ??\U/dn/m/
n/10 ^^FTAnA[] s[]-k[]th-tElEKtAnA[] c pErfFlnEvqy[]
 []

[7]
LaTeX Font Info:    External font `cmex10' loaded for size
(Font)              <7> on input line 261.
LaTeX Font Info:    External font `cmex10' loaded for size
(Font)              <5> on input line 261.

Overfull \hbox (16.34828pt too wide) in paragraph at lines 265--266
\U/dn/m/n/10 kAEct[] s[]-k[]tsEmEt, s[]-k[]tAd[]EfEn vA ˛Et§A=y[]t \OT1/cmr/m/n
/10 ? \U/dn/m/n/10 yEd evm[]\OT1/cmr/m/n/10 , \U/dn/m/n/10 Bv^^FmtAn[]sArm[]
 []


Overfull \hbox (5.53557pt too wide) in paragraph at lines 275--276
\U/dn/m/n/10 aEDk[](y aE-t kAEp BvtA[] Evv"A \OT1/cmr/m/n/10 ? \U/dn/m/n/10 Ek[
] n[] t[] EvˇGAfAlAs[] mhAEvGAly[]s[]
 []


Overfull \hbox (7.53317pt too wide) in paragraph at lines 280--281
[]\U/dn/m/n/10 s[]-k[]tA@yynA<y[]dyAy Bv(˛d[]f[] upl<ymAnA, ôàAˇdAyEnDyA, Ek[]-
vzpA,
 []


Overfull \hbox (1.62074pt too wide) in paragraph at lines 282--283
[]\U/dn/m/n/10 ydA aEDfAsn[]n B[]-vAEmnAm[] aEDˇkArA, aA(msA(k[]tA,\OT1/cmr/m/n
/10 , \U/dn/m/n/10 rAjs[]-TAnAEn
 []

[8] [9] (./hindi.aux) ) 
Here is how much of TeX's memory you used:
 390 strings out of 493489
 4214 string characters out of 3141369
 61745 words of memory out of 3000000
 3775 multiletter control sequences out of 15000+200000
 4011 words of font info for 15 fonts, out of 3000000 for 9000
 957 hyphenation exceptions out of 8191
 23i,4n,17p,1126b,464s stack positions out of 5000i,500n,10000p,200000b,50000s

Output written on hindi.dvi (9 pages, 43364 bytes).
