This is pdfTeX, Version 3.1415926-2.4-1.40.13 (TeX Live 2012) (format=latex 2013.10.29)  13 JUL 2017 22:09
entering extended mode
 restricted \write18 enabled.
 %&-line parsing enabled.
**hindi.tex
(./hindi.tex
LaTeX2e <2011/06/27>
Babel <v3.8m> and hyphenation patterns for english, dumylang, nohyphenation, ge
rman-x-2012-05-30, ngerman-x-2012-05-30, afrikaans, ancientgreek, ibycus, arabi
c, armenian, basque, bulgarian, catalan, pinyin, coptic, croatian, czech, danis
h, dutch, ukenglish, usenglishmax, esperanto, estonian, ethiopic, farsi, finnis
h, french, friulan, galician, german, ngerman, swissgerman, monogreek, greek, h
ungarian, icelandic, assamese, bengali, gujarati, hindi, kannada, malayalam, ma
rathi, oriya, panjabi, tamil, telugu, indonesian, interlingua, irish, italian, 
kurmanji, latin, latvian, lithuanian, mongolian, mongolianlmc, bokmal, nynorsk,
 polish, portuguese, romanian, romansh, russian, sanskrit, serbian, serbianc, s
lovak, slovenian, spanish, swedish, turkish, turkmen, ukrainian, uppersorbian, 
welsh, loaded.
(/usr/local/texlive/2012/texmf-dist/tex/latex/base/article.cls
Document Class: article 2007/10/19 v1.4h Standard LaTeX document class
(/usr/local/texlive/2012/texmf-dist/tex/latex/base/size10.clo
File: size10.clo 2007/10/19 v1.4h Standard LaTeX file (size option)
)
\c@part=\count79
\c@section=\count80
\c@subsection=\count81
\c@subsubsection=\count82
\c@paragraph=\count83
\c@subparagraph=\count84
\c@figure=\count85
\c@table=\count86
\abovecaptionskip=\skip41
\belowcaptionskip=\skip42
\bibindent=\dimen102
)
(/usr/local/texlive/2012/texmf-dist/tex/latex/velthuis/devanagari.sty
Package: devanagari 2009/02/09 v2.15 LaTeX macros for Velthuis Devanagari
\dev@chnum=\count87
\itdim=\dimen103
\anudep=\dimen104
\anuwid=\dimen105
)
(./hindi.aux)
\openout1 = `hindi.aux'.

LaTeX Font Info:    Checking defaults for OML/cmm/m/it on input line 5.
LaTeX Font Info:    ... okay on input line 5.
LaTeX Font Info:    Checking defaults for T1/cmr/m/n on input line 5.
LaTeX Font Info:    ... okay on input line 5.
LaTeX Font Info:    Checking defaults for OT1/cmr/m/n on input line 5.
LaTeX Font Info:    ... okay on input line 5.
LaTeX Font Info:    Checking defaults for OMS/cmsy/m/n on input line 5.
LaTeX Font Info:    ... okay on input line 5.
LaTeX Font Info:    Checking defaults for OMX/cmex/m/n on input line 5.
LaTeX Font Info:    ... okay on input line 5.
LaTeX Font Info:    Checking defaults for U/dn/m/n on input line 5.
LaTeX Font Info:    Try loading font information for U+dn on input line 5.
 (/usr/local/texlive/2012/texmf-dist/tex/latex/velthuis/udn.fd
File: Udn.fd 2004/08/03 v2.14
)
LaTeX Font Info:    ... okay on input line 5.

Overfull \hbox (24.77458pt too wide) in paragraph at lines 9--10
[]\U/dn/m/n/10 eq, aAyog, -vFyEvEvDkAy[][]q[] EvòEvçAlygt[] tEdtrs[]-Tgt[] c s[
]-k[]tEf"AEvqyk[]
 []


Overfull \hbox (12.79922pt too wide) in paragraph at lines 11--12
[]\U/dn/m/n/10 prMprAgtA[] s[]-k[]tEf"A˛ZAlF[] prF#y t/(yA, k[] k[] Evf[]qA, nv
Fn\OT1/cmr/m/n/10 -\U/dn/m/n/10 Ef"A˛ZASyAm[]
 []


Overfull \hbox (12.02621pt too wide) in paragraph at lines 28--29
[]\U/dn/m/n/10 pAWfAlAs[]\OT1/cmr/m/n/10 , \U/dn/m/n/10 mhAEvçAly[]q[]\OT1/cmr/
m/n/10 , \U/dn/m/n/10 EvòEvçAly[]q[] c ˛vt[]mAnAt[] s[]-k[]tA@yynAt[]
 []


Overfull \hbox (10.80695pt too wide) in paragraph at lines 32--33
[]\U/dn/m/n/10 BAnEvkF sA[]-k[]EtkF c s[]-k[]t-y anG[]tAm[] aAloQy\OT1/cmr/m/n/
10 , \U/dn/m/n/10 s[]-k[]tA\OT1/cmr/m/n/10 -\U/dn/m/n/10 	yynEvqy[]
 []


Overfull \hbox (22.46375pt too wide) in paragraph at lines 32--33
\U/dn/m/n/10 mEhy, uàoDnm[] aAdr[] c BArtFy gZt^^F/An[]pAElt[]s[] nAgAErk[]q[] 
sm[](pAdEyt[][]
 []


Overfull \hbox (13.5339pt too wide) in paragraph at lines 34--35
\U/dn/m/n/10 sAhA^^Ey[] kAt[][] f«[]yAt[]\OT1/cmr/m/n/10 ? \U/dn/m/n/10 t[]q[] 
t[]q[] EvçA-TAn[]q[] ˛EtEnEDB[]tAn[] s[]-k[]tg[]^^FTAgAm[]
 []


Overfull \hbox (10.9084pt too wide) in paragraph at lines 34--35
\OT1/cmr/m/n/10 (1) \U/dn/m/n/10 aAΩ[]lBAqy[] \OT1/cmr/m/n/10 (2) \U/dn/m/n/10 
˛EdEˇfkˇBAqAn[] c an[]vAd[], shk[]tAEn -vSpm[]SyAEn
 []


Overfull \hbox (16.7415pt too wide) in paragraph at lines 34--35
\U/dn/m/n/10 s[]-k[]aZAEn k[]^^Fd[]EdfAsn-y rQyAEDfAsnAnA[] c íAr[]ZA \OT1/cmr/
m/n/10 `\U/dn/m/n/10 sAEh(y\OT1/cmr/m/n/10 -\U/dn/m/n/10 akAx[]mF\OT1/cmr/m/n/1
0 '
 []


Overfull \hbox (5.1034pt too wide) in paragraph at lines 34--35
\U/dn/m/n/10 Ek mtm[]\OT1/cmr/m/n/10 ? [\U/dn/m/n/10 yvn\OT1/cmr/m/n/10 -\U/dn/
m/n/10 romk\OT1/cmr/m/n/10 -\U/dn/m/n/10 Bqyo, ElEKnAnA[] J^^FTAnAm[] aAΩ[]lBAp
An[]vAd\OT1/cmr/m/n/10 -
 []

[1

]
Overfull \hbox (16.9192pt too wide) in paragraph at lines 40--41
[]\U/dn/m/n/10 a=y[]tt[] BvˇtAm[] aEBmt[] yt[] k-ˇmAEŒdEp bArtˇFyAÅ[] fF"pFWAt[
] smAvt[]mAn
 []


Overfull \hbox (1.72983pt too wide) in paragraph at lines 44--45
[]\U/dn/m/n/10 a=y[]tt[] BvtA[] mtm[]\OT1/cmr/m/n/10 , \U/dn/m/n/10 yt[] Evd[]f
-T[]q[] BrtFy\OT1/cmr/m/n/10 -\U/dn/m/n/10 rAjd[]tAvAs[]q[] s[]-k[]tEvd[]qA[]
 []


Overfull \hbox (3.3301pt too wide) in paragraph at lines 47--48
\U/dn/m/n/10 kAE>yy, l[]K&yvhAr,\OT1/cmr/m/n/10 , \U/dn/m/n/10 aEDˇfAvhAr,\OT1/
cmr/m/n/10 , \U/dn/m/n/10 aEDˇfAsEnkA, aO(sEvkA, c ˛sΩA,
 []


Overfull \hbox (28.17557pt too wide) in paragraph at lines 47--48
\U/dn/m/n/10 Ev&qEdçly\OT1/cmr/m/n/10 -\U/dn/m/n/10 ‹AtkAn[]fAsnm[]\OT1/cmr/m/n
/10 , \U/dn/m/n/10 f[]pTpAVnm[] BrtFy\OT1/cmr/m/n/10 -\U/dn/m/n/10 gZt^^FÏ-y k[
]t[] v[]d[]EfkfAnAEn
 []


Overfull \hbox (9.40825pt too wide) in paragraph at lines 49--50
[]\OT1/cmr/m/n/10 `\U/dn/m/n/10 Dm[]Ef"Am[]\OT1/cmr/m/n/10 ' \U/dn/m/n/10 aEDk[
](y \OT1/cmr/m/n/10 `\U/dn/m/n/10 EvòEvçly\OT1/cmr/m/n/10 -\U/dn/m/n/10 Ef"y[]g
[]Z\OT1/cmr/m/n/10 ' \U/dn/m/n/10 EvEˇhtp[]vA[]ZA[] f[]snAnA[] Env[]h[]\OT1/cmr
/m/n/10 ,
 []


Overfull \hbox (29.11009pt too wide) in paragraph at lines 55--56
\U/dn/m/n/10 v[]vnAgyA[],\OT1/cmr/m/n/10 ) (1) \U/dn/m/n/10 aEKl\OT1/cmr/m/n/10
 -\U/dn/m/n/10 BrtFy\OT1/cmr/m/n/10 -\U/dn/m/n/10 &yv„Etq[] \OT1/cmr/m/n/10 (2)
 \U/dn/m/n/10 tMt(-TAnFy\OT1/cmr/m/n/10 -\U/dn/m/n/10 El=y^^FtsAEZ
 []


Overfull \hbox (76.75221pt too wide) in paragraph at lines 66--67
[]\U/dn/m/n/10 aEKlBrtFyAyA, mAnEvk\OT1/cmr/m/n/10 -\U/dn/m/n/10 v[]‚AEnk\OT1/c
mr/m/n/10 -\U/dn/m/n/10 yAE^^F/k\OT1/cmr/m/n/10 -\U/dn/m/n/10 pErBqAyA, ˛ZAyn[]
\OT1/cmr/m/n/10 , \U/dn/m/n/10 aEKlBArtopyogAT[]
 []


Overfull \hbox (17.19928pt too wide) in paragraph at lines 68--69
[]\U/dn/m/n/10 idAnFtnFnA[] BrtˇFyˇBqAZAm[] tŒˇtrA@yyn-y k[]t[] s[]-k[]tm[] aAv
-yEÀqy(v[]n
 []

[2]
Overfull \hbox (18.33731pt too wide) in paragraph at lines 78--79
[]\U/dn/m/n/10 sA[]DArOyA[] BrEtyAyA[] sAE	d[]\OT1/cmr/m/n/10 ??\U/dn/m/n/10 Ef
˛ZASyA[] Bv^^Fmt[]n kF\OT1/cmr/m/n/10 ??\U/dn/m/n/10 f[] s[]-k[]tANyynsy
 []


Overfull \hbox (2.27762pt too wide) in paragraph at lines 82--83
\U/dn/m/n/10 k-yA[]Ect[] k"AyAm[] aaAE&[yk[] kAy[]m[] \OT1/cmr/m/n/10 ? \U/dn/m
/n/10 yEd aEBmtm[]\OT1/cmr/m/n/10 , (1) \U/dn/m/n/10 sv[]qAm[]v
 []


Overfull \hbox (23.28955pt too wide) in paragraph at lines 84--85
[]\U/dn/m/n/10 BrtFy\OT1/cmr/m/n/10 -\U/dn/m/n/10 Ef"\OT1/cmr/m/n/10 -\U/dn/m/n
/10 ˛ZASyA[] s[]-k[]t-y yn[] -TAnm[]\OT1/cmr/m/n/10 , \U/dn/m/n/10 tt[] pAk[]cA
^^Fy\OT1/cmr/m/n/10 -\U/dn/m/n/10 Ef"˛nAlFgn[]n
 []


Overfull \hbox (19.16106pt too wide) in paragraph at lines 103--104
\U/dn/m/n/10 vt[]t[]\OT1/cmr/m/n/10 , \U/dn/m/n/10 sA pyA[](ZA iEt Bv^^FtA, m^^
Fy^^Ft[] Ekm[] \OT1/cmr/m/n/10 ? \U/dn/m/n/10 mEhEvçAly[]q[] EvòEvçAly[]s[]
 []


Overfull \hbox (6.21698pt too wide) in paragraph at lines 103--104
\U/dn/m/n/10 c ErD[]fA[] J^^FTAnAm[] a@yApn[] ˛BEv	Z[] Bv[]t[]\OT1/cmr/m/n/10 ,
 \U/dn/m/n/10 i(y[]tdT[] kFd[]fF EvD[]ypdvF
 []

[3]
Overfull \hbox (21.16832pt too wide) in paragraph at lines 117--118
[]\U/dn/m/n/10 etAs[] BfAZAm[] a@ypnT[] mAdyEmkEvDfAlAnA[] smysAr ZFs[] upl<ymA
nA,
 []


Overfull \hbox (4.56781pt too wide) in paragraph at lines 119--120
[]\U/dn/m/n/10 c BvtA[] ˛d[]f[] mA@yEmkEvçfAlAs[] yAEn s[]-k[]tpA’p[]-tkAEn upy
[]>y‡[]\OT1/cmr/m/n/10 ,
 []


Overfull \hbox (1.4655pt too wide) in paragraph at lines 126--127
\U/dn/m/n/10 s[]-k[]tm^^FT[], updFk[]tA, ˛(y[]fA, t[]q[][] t[]qA[] EvqyAZA[] pA
Vn\OT1/cmr/m/n/10 -\U/dn/m/n/10 áú[]q[] p[]rk^^Fv[]n
 []


Overfull \hbox (54.51721pt too wide) in paragraph at lines 126--127
\U/dn/m/n/10 Env[]fAnFyA,\OT1/cmr/m/n/10 , \U/dn/m/n/10 yTA\OT1/cmr/m/n/10 ----
\U/dn/m/n/10 s[]-k[]tkA&ynAVkAl[]kAr\OT1/cmr/m/n/10 -\U/dn/m/n/10 fA-/AZAm[] aA
i`lsAEh(ypAWWnám[]
 []


Overfull \hbox (48.8587pt too wide) in paragraph at lines 131--132
[]\U/dn/m/n/10 Bd^^Fmtm[] an[]˙[](y\OT1/cmr/m/n/10 , (1) \U/dn/m/n/10 pAVfAlAs[
] s[]-k[]tmhAEvçly[]s[] c\OT1/cmr/m/n/10 , (2) \U/dn/m/n/10 m<yEmkEvçfAlAs[]\OT
1/cmr/m/n/10 ,
 []


Overfull \hbox (25.62825pt too wide) in paragraph at lines 133--134
\U/dn/m/n/10 EvEvDs[]˛dAygt[]n EvEvDAìop[]t[]n d[]yAksZon c shk[]tm[]\OT1/cmr/m
/n/10 ), (3) \U/dn/m/n/10 al[]kAsfA-	cm\OT1/cmr/m/n/10 ,
 []


Overfull \hbox (10.4173pt too wide) in paragraph at lines 133--134
\OT1/cmr/m/n/10 (4) \U/dn/m/n/10 dfA[]nAEn\OT1/cmr/m/n/10 ----\U/dn/m/n/10 ˛AQy
\OT1/cmr/m/n/10 -\U/dn/m/n/10 n&y\OT1/cmr/m/n/10 -\U/dn/m/n/10 ^^FyAyo\OT1/cmr/
m/n/10 , \U/dn/m/n/10 v[]EfEqkm[]\OT1/cmr/m/n/10 , \U/dn/m/n/10 sA∫yog[]\OT1/cm
r/m/n/10 , \U/dn/m/n/10 mFmA[]sA\OT1/cmr/m/n/10 , \U/dn/m/n/10 v[]dA^^Ft,
 []

[4]
Overfull \hbox (37.89714pt too wide) in paragraph at lines 139--140
[]\U/dn/m/n/10 G s[]-k[]tmhAEvçAly[]q[] pAWˇfAlAs[] c vt[]mAnAs[] s[]-k[]tA@yAp
n\OT1/cmr/m/n/10 -\U/dn/m/n/10 påEtq[] s[]-k[]tpAWnk[]m[]
 []


Overfull \hbox (26.08623pt too wide) in paragraph at lines 144--145
[]\U/dn/m/n/10 s[]-k[]tmhAEvçly[]<y, pAWˇfAlA<y, c smAvt[]mAnAnA[] EvçAvˇtAm[] 
aAjFEvkAT[]
 []


Overfull \hbox (1.15642pt too wide) in paragraph at lines 148--149
[]\U/dn/m/n/10 BvtA[] ˛d[]f[] EvçmAnAnA[] prMˇprAn[]sAErZ[] sA[]sk[]Evd[]qAm[] 
aAET»Am[] av-ˇ
 []


Overfull \hbox (2.64572pt too wide) in paragraph at lines 150--151
\U/dn/m/n/10 Ev	vEvçAlly\OT1/cmr/m/n/10 -\U/dn/m/n/10 mA@yEmkEvçSfAlA\OT1/cmr/m
/n/10 -\U/dn/m/n/10 prF"[], smAnopAEDk[], EvçAET[]EB,
 []


Overfull \hbox (2.00957pt too wide) in paragraph at lines 159--160
\U/dn/m/n/10 av-TA Evçt[] \OT1/cmr/m/n/10 ? \U/dn/m/n/10 t/AEp sAmˇgAn\OT1/cmr/
m/n/10 -\U/dn/m/n/10 EvçAyA, kA E-T,\OT1/cmr/m/n/10 ? \U/dn/m/n/10 etAsA[] prMp
rAZA[]
 []


Overfull \hbox (37.70978pt too wide) in paragraph at lines 161--162
[]\U/dn/m/n/10 s[]-k[]tBAqAmyAZAm[] iEthAsp[]rAZAnA[] cntATA[]En &yA(yA[]nAEn\O
T1/cmr/m/n/10 , \U/dn/m/n/10 Úmdf[]nEvqykAEZ
 []


Overfull \hbox (39.36577pt too wide) in paragraph at lines 161--162
\U/dn/m/n/10 s[]BvEt etA\OT1/cmr/m/n/10 ???\U/dn/m/n/10 fAm[] aAsMBAZA[] s[]§[]
tr[] &yv-ˇTApnm[]\OT1/cmr/m/n/10 , \U/dn/m/n/10 y[]n t[] s[]-k[]tmhAEvçAlv[]q[]

 []


Overfull \hbox (5.85017pt too wide) in paragraph at lines 167--168
[]\U/dn/m/n/10 gEZt>yoEtqAdy, s[]-k[]tEvçAfAKA, aAD[]EnkEv‚AnEvçAEnkAy[] -v[] -
vm[]
 []


Overfull \hbox (7.67389pt too wide) in paragraph at lines 172--173
[]\U/dn/m/n/10 s[]-k[]tA@yyn-y pArMpEr»A[] nvFnAyA[] c pàt[] g[]ZAnA[] EdqAZA[]
 c g[]t[]lAGv[]
 []

[5]
Overfull \hbox (16.01654pt too wide) in paragraph at lines 180--181
\U/dn/m/n/10 BArtFyAnA[] ˛◊v-t[]nAm[] aEˇB‚A, -y[],\OT1/cmr/m/n/10 , \U/dn/m/n/
10 ˛AcFnBArtFyElpFnA[] c &yvhAr"m[]
 []


Overfull \hbox (18.12866pt too wide) in paragraph at lines 191--192
[]\U/dn/m/n/10 a=y[]tt[] BvtA[] mtm[]\OT1/cmr/m/n/10 , \U/dn/m/n/10 yt[] avrAs[
] k"As[] smA"FymAZA s[]-k[]tA@yApnpàEt,
 []


Underfull \hbox (badness 10000) in paragraph at lines 205--206
[]\OT1/cmr/m/n/10 saMsk.rtavidyA-
 []


Underfull \hbox (badness 10000) in paragraph at lines 205--206
\U/dn/m/n/10 tAsu tAsu saM"sodhanasaMsthAsu, (3)
 []


Underfull \hbox (badness 2591) in paragraph at lines 205--206
\U/dn/m/n/10 antare.na asti kimapi savi"so.saM bhavatAM
 []


Underfull \hbox (badness 1112) in paragraph at lines 207--208
[]\U/dn/m/n/10 aEp sE◊ BvtA[] ˛d[]fo ˛EtE-vk(v[]n &yv-TAEptAEn kAEnEct[]
 []

[6]
Overfull \hbox (3.7275pt too wide) in paragraph at lines 232--233
[]\U/dn/m/n/10 aEp sE^^Ft BvtA[] ˛d[]f[] k[]Ect[] mhAhA[], s[]foDnA(mkA, J^^FTA
, a˛kAEftA,
 []


Overfull \hbox (11.99171pt too wide) in paragraph at lines 237--238
[]\U/dn/m/n/10 BvtA[] ˛d[]f[] ˛EtE-vk[]q[] s[]g[]h[]q[] avE-TˇtAEn s[]-k[]th-t\
OT1/cmr/m/n/10 -\U/dn/m/n/10 ElEKtAEn yToEct[]
 []


Overfull \hbox (47.54956pt too wide) in paragraph at lines 237--238
\U/dn/m/n/10 pErr	y^^Ft[] nn[] \OT1/cmr/m/n/10 ? \U/dn/m/n/10 etAd[]fs[]JhAZA[]
 -vAEmn, sADArZA, c jnA, tAd[]fh-tElEKtAnA[]
 []


Overfull \hbox (6.72649pt too wide) in paragraph at lines 243--244
\U/dn/m/n/10 ECyAl[]KA,\OT1/cmr/m/n/10 , \U/dn/m/n/10 aZ[]EQCEykAEn\OT1/cmr/m/n
/10 , \U/dn/m/n/10 aZ[]EQCEykvAcn[] c\OT1/cmr/m/n/10 --\U/dn/m/n/10 et[]qA[] km
[]ZA[] Env[]t[]n[]
 []

[7]
Overfull \hbox (19.52185pt too wide) in paragraph at lines 259--260
[]\U/dn/m/n/10 a=y[]tt[] Bv^^Fm(yn[]sAr[]Z aAv[ykm[]\OT1/cmr/m/n/10 , \U/dn/m/n
/10 yt[] k[]^^Fd[]AEDfAsn[]n aEKl\OT1/cmr/m/n/10 -\U/dn/m/n/10 BArtFtsEmEt,
 []


Overfull \hbox (5.20361pt too wide) in paragraph at lines 269--270
\U/dn/m/n/10 aEDk[](y aE-t kAEp BvtA[] Edv"A \OT1/cmr/m/n/10 ? \U/dn/m/n/10 Ek[
] n[] t[] EvˇGAfAlAs[] mhAEvGAly[]s[]
 []


Overfull \hbox (11.78212pt too wide) in paragraph at lines 274--275
[]\U/dn/m/n/10 s[]-k[]tA@yynA<y[]dyAy Bv(˛d[]f[] upl<ymAnA, "àAˇDAyEn DyA, Ek[]
-vzpA,
 []


Overfull \hbox (1.62074pt too wide) in paragraph at lines 276--277
[]\U/dn/m/n/10 ydA aEDfAsn[]n B[]-vAEmnAm[] aEDˇkArA, aA(msA(k[]tA,\OT1/cmr/m/n
/10 , \U/dn/m/n/10 rAjs[]-TAnAEn
 []

[8]
Overfull \hbox (36.92169pt too wide) in paragraph at lines 284--285
\U/dn/m/n/10 k[]^^Fd[]AEDfAsn[]n\OT1/cmr/m/n/10 , \U/dn/m/n/10 rA>yAEDfAsn[],\O
T1/cmr/m/n/10 , \U/dn/m/n/10 -TAEnks[]-TEB, c dFyˇmAnm[] aAET[]ksAhA^^Ey,
 []

[9] (./hindi.aux) ) 
Here is how much of TeX's memory you used:
 388 strings out of 493489
 4186 string characters out of 3141369
 61745 words of memory out of 3000000
 3773 multiletter control sequences out of 15000+200000
 4011 words of font info for 15 fonts, out of 3000000 for 9000
 957 hyphenation exceptions out of 8191
 23i,4n,17p,1111b,452s stack positions out of 5000i,500n,10000p,200000b,50000s

Output written on hindi.dvi (9 pages, 42580 bytes).
