\BOOKMARK [1][-]{section.0.1}{Introduction}{}% 1
\BOOKMARK [1][-]{section.0.2}{Life\040on\040Earth}{}% 2
\BOOKMARK [1][-]{section.0.3}{The\040evolving\040Homo\040sapiens}{}% 3
\BOOKMARK [2][-]{subsection.0.3.1}{The\040hunter-gatherer\040stage}{section.0.3}% 4
\BOOKMARK [2][-]{subsection.0.3.2}{The\040agricultural\040stage}{section.0.3}% 5
\BOOKMARK [2][-]{subsection.0.3.3}{The\040industrial\040stage}{section.0.3}% 6
\BOOKMARK [2][-]{subsection.0.3.4}{The\040post-industrial\040stage}{section.0.3}% 7
\BOOKMARK [2][-]{subsection.0.3.5}{Lessons\040learnt\040along\040the\040way}{section.0.3}% 8
\BOOKMARK [1][-]{section.0.4}{Language\040powers\040intelligence}{}% 9
\BOOKMARK [2][-]{subsection.0.4.1}{The\040primacy\040of\040language}{section.0.4}% 10
\BOOKMARK [2][-]{subsection.0.4.2}{Law\040of\040phase\040transition}{section.0.4}% 11
\BOOKMARK [2][-]{subsection.0.4.3}{The\040fragile\040limits\040of\040human\040intelligence}{section.0.4}% 12
\BOOKMARK [1][-]{section.0.5}{AI-charged\040society}{}% 13
\BOOKMARK [2][-]{subsection.0.5.1}{Structure\040determines\040function}{section.0.5}% 14
\BOOKMARK [2][-]{subsection.0.5.2}{Demographic\040displacements}{section.0.5}% 15
\BOOKMARK [2][-]{subsection.0.5.3}{A\040brewing\040war\040between\040man\040and\040machine}{section.0.5}% 16
\BOOKMARK [2][-]{subsection.0.5.4}{Will\040humanoids\040rule\040humans?}{section.0.5}% 17
\BOOKMARK [2][-]{subsection.0.5.5}{Progenies\040of\040the\040millennials}{section.0.5}% 18
\BOOKMARK [1][-]{section.0.6}{Data-driven\040world}{}% 19
\BOOKMARK [2][-]{subsection.0.6.1}{Data\040and\040what\040we\040do\040with\040it}{section.0.6}% 20
\BOOKMARK [2][-]{subsection.0.6.2}{Deep\040data\040and\040deep\040learning:\040the\040good,\040bad,\040and\040ugly}{section.0.6}% 21
\BOOKMARK [1][-]{section.0.7}{Science\040and\040religion}{}% 22
\BOOKMARK [1][-]{section.0.8}{Conclusions}{}% 23
