\BOOKMARK [0][-]{chapter.1}{A\040Review\040of\040B4G/5G\040Enhancements\040for\040Mobility,\040Latency\040and\040NB-IoT}{}% 1
\BOOKMARK [1][-]{section.1.1}{Introduction}{chapter.1}% 2
\BOOKMARK [1][-]{section.1.2}{Maintaining\040QoS\040with\040Varying\040Degree\040of\040Mobility\040in\0405G\040Network}{chapter.1}% 3
\BOOKMARK [2][-]{subsection.1.2.1}{QoS\040Variations}{section.1.2}% 4
\BOOKMARK [2][-]{subsection.1.2.2}{Existing\040Research\040in\040Mobility\040Management}{section.1.2}% 5
\BOOKMARK [2][-]{subsection.1.2.3}{Network\040Slicing\040under\040Varying\040Degree\040of\040Mobility}{section.1.2}% 6
\BOOKMARK [2][-]{subsection.1.2.4}{Move\040Smartly\040in\0405G\040System}{section.1.2}% 7
\BOOKMARK [1][-]{section.1.3}{Optimizing\040Network\040Protocol\040Latencies\040in\040Mobile\040Devices}{chapter.1}% 8
\BOOKMARK [2][-]{subsection.1.3.1}{Current\040Research\040in\040Protocol\040Latency\040Reduction}{section.1.3}% 9
\BOOKMARK [2][-]{subsection.1.3.2}{System\040Delay\040Components}{section.1.3}% 10
\BOOKMARK [2][-]{subsection.1.3.3}{Need\040of\040Novel\040Scheme\040for\040Protocol\040Latency\040Reduction}{section.1.3}% 11
\BOOKMARK [2][-]{subsection.1.3.4}{Overview\040of\040Layer\0404\040Accelerator\040\(L4A\)Method}{section.1.3}% 12
\BOOKMARK [2][-]{subsection.1.3.5}{Key\040Enhancements\040in\040Protocol\040Design}{section.1.3}% 13
\BOOKMARK [1][-]{section.1.4}{Opportunistic\040Early\040Decoding\040for\040NB-IoT\040Devices\040using\040Link\040Abstraction}{chapter.1}% 14
\BOOKMARK [2][-]{subsection.1.4.1}{Narrow-Band\040IoT\040Operation}{section.1.4}% 15
\BOOKMARK [2][-]{subsection.1.4.2}{Opportunistic\040Decode\040Scheme}{section.1.4}% 16
\BOOKMARK [0][-]{chapter.2}{Experiential\040Learning\040of\040Networking\040Technologies}{}% 17
\BOOKMARK [1][-]{section.2.1}{Introduction}{chapter.2}% 18
\BOOKMARK [1][-]{section.2.2}{Basis\040of\040TCP\040Congestion\040Control}{chapter.2}% 19
\BOOKMARK [1][-]{section.2.3}{TCP\040Congestion\040Management\040Principles}{chapter.2}% 20
\BOOKMARK [1][-]{section.2.4}{Congestion\040Avoidance\040phase}{chapter.2}% 21
\BOOKMARK [1][-]{section.2.5}{Fast\040Recovery\040phase}{chapter.2}% 22
\BOOKMARK [1][-]{section.2.6}{Additive\040Increase\040Multiplicative\040Decrease\040\(AIMD\)\040behaviour}{chapter.2}% 23
\BOOKMARK [1][-]{section.2.7}{TCP\040Fairness}{chapter.2}% 24
\BOOKMARK [1][-]{section.2.8}{Summary}{chapter.2}% 25
\BOOKMARK [1][-]{section.2.9}{Experiential\040Exercises}{chapter.2}% 26
