\BOOKMARK [-1][-]{part.1}{I\040``Link"\040between\040Sanskrit\040and\040Nazism}{}% 1
\BOOKMARK [0][-]{chapter.1}{German\040Indology,\040Sanskrit\040and\040Nazi\040ideology}{part.1}% 2
\BOOKMARK [0][-]{chapter.2}{A pūrva-pakṣa of “Deep Orientalism?”}{part.1}% 3
\BOOKMARK [0][-]{chapter.3}{Pollock’s Idea of a “National-Socialist Indology”}{part.1}% 4
\BOOKMARK [-1][-]{part.2}{II\040``Death"\040of\040Sanskrit}{}% 5
\BOOKMARK [0][-]{chapter.4}{``Sanskrit is dead'', and that’s okay}{part.2}% 6
\BOOKMARK [1][-]{section.4.1}{Preliminaries}{chapter.4}% 7
\BOOKMARK [1][-]{section.4.2}{Sanskrit\040as\040a\040Source\040of\040Power}{chapter.4}% 8
\BOOKMARK [2][-]{subsection.4.2.1}{Form\040of\040power\040in\040European\040and\040Indian\040contexts}{section.4.2}% 9
\BOOKMARK [2][-]{subsection.4.2.2}{Praśasti and power}{section.4.2}% 10
\BOOKMARK [2][-]{subsection.4.2.3}{Tools\040of\040Power}{section.4.2}% 11
\BOOKMARK [2][-]{subsection.4.2.4}{Some\040Questions}{section.4.2}% 12
\BOOKMARK [1][-]{section.4.3}{Sanskrit\040Cosmopolis}{chapter.4}% 13
\BOOKMARK [1][-]{section.4.4}{The\040Death\040of\040Sanskrit}{chapter.4}% 14
\BOOKMARK [1][-]{section.4.5}{Conclusion}{chapter.4}% 15
\BOOKMARK [0][-]{chapter.5}{Sanskrit\040is\040Not\040Dead}{part.2}% 16
\BOOKMARK [0][-]{chapter.6}{On “Feeding Tubes and Oxygen Tanks” for Sanskrit....}{part.2}% 17
\BOOKMARK [1][-]{section.6.1}{The\040Trigger}{chapter.6}% 18
\BOOKMARK [1][-]{section.6.2}{About\040the\040First\040Sanskrit\040Commission}{chapter.6}% 19
\BOOKMARK [1][-]{section.6.3}{Analyzing\040the\040statement}{chapter.6}% 20
\BOOKMARK [2][-]{subsection.6.3.1}{First part of Pollock’s Statement, implications and Response}{section.6.3}% 21
\BOOKMARK [2][-]{subsection.6.3.2}{The Second part of Pollock’s Statement and its Response - Some observers who won’t agree!}{section.6.3}% 22
\BOOKMARK [1][-]{section.6.4}{Conclusion:}{chapter.6}% 23
\BOOKMARK [0][-]{chapter.7}{Sanskrit:\040the\040Phoenix\040Phenomenon}{part.2}% 24
\BOOKMARK [1][-]{section.7.1}{Synopsis\040of\040the\040thesis}{chapter.7}% 25
\BOOKMARK [2][-]{subsection.7.1.1}{Kashmir:}{section.7.1}% 26
\BOOKMARK [2][-]{subsection.7.1.2}{Vijayanagara}{section.7.1}% 27
\BOOKMARK [2][-]{subsection.7.1.3}{Mughal\040Court}{section.7.1}% 28
\BOOKMARK [2][-]{subsection.7.1.4}{Bengal}{section.7.1}% 29
\BOOKMARK [2][-]{subsection.7.1.5}{Conclusions}{section.7.1}% 30
\BOOKMARK [1][-]{section.7.2}{Analysis of the “analysis”}{chapter.7}% 31
\BOOKMARK [2][-]{subsection.7.2.1}{What\040is\040the\040purpose\040of\040knowledge?}{section.7.2}% 32
\BOOKMARK [2][-]{subsection.7.2.2}{The\040Measure\040of\040Vitality}{section.7.2}% 33
\BOOKMARK [2][-]{subsection.7.2.3}{Statistical\040inexactitudes}{section.7.2}% 34
\BOOKMARK [2][-]{subsection.7.2.4}{List-and-dismiss}{section.7.2}% 35
\BOOKMARK [2][-]{subsection.7.2.5}{Parsimony in applying Ockham’s Razor!}{section.7.2}% 36
\BOOKMARK [2][-]{subsection.7.2.6}{Perhaps...probably...and\040therefore}{section.7.2}% 37
\BOOKMARK [2][-]{subsection.7.2.7}{Selection\040of\040data}{section.7.2}% 38
\BOOKMARK [1][-]{section.7.3}{Meta-analysis\040and\040pattern\040recognition}{chapter.7}% 39
\BOOKMARK [1][-]{section.7.4}{Conclusion}{chapter.7}% 40
\BOOKMARK [0][-]{chapter.8}{On “Death of Sanskrit”}{part.2}% 41
\BOOKMARK [1][-]{subsection.8.0.1}{‘The Lady Vanishes’}{chapter.8}% 42
\BOOKMARK [2][-]{subsection.8.0.2}{‘Sanskrit in the City of Victory and Knowledge’}{subsection.8.0.1}% 43
\BOOKMARK [2][-]{subsection.8.0.3}{The\040Last\040Sanskrit\040Poet}{subsection.8.0.1}% 44
\BOOKMARK [2][-]{subsection.8.0.4}{‘Under the Shadow of The Raj’}{subsection.8.0.1}% 45
